{"/Users/evgenij/Desktop/work/APP_DEVELOPMENT/shiftrest/lib/derive.ts": {"path":"/Users/evgenij/Desktop/work/APP_DEVELOPMENT/shiftrest/lib/derive.ts","statementMap":{"0":{"start":{"line":14,"column":2},"end":{"line":14,"column":47}},"1":{"start":{"line":14,"column":19},"end":{"line":14,"column":47}},"2":{"start":{"line":15,"column":2},"end":{"line":15,"column":50}},"3":{"start":{"line":15,"column":20},"end":{"line":15,"column":50}},"4":{"start":{"line":16,"column":2},"end":{"line":16,"column":52}},"5":{"start":{"line":16,"column":20},"end":{"line":16,"column":52}},"6":{"start":{"line":17,"column":2},"end":{"line":17,"column":32}},"7":{"start":{"line":24,"column":13},"end":{"line":24,"column":33}},"8":{"start":{"line":25,"column":2},"end":{"line":25,"column":29}},"9":{"start":{"line":25,"column":18},"end":{"line":25,"column":29}},"10":{"start":{"line":26,"column":20},"end":{"line":26,"column":41}},"11":{"start":{"line":27,"column":2},"end":{"line":27,"column":43}},"12":{"start":{"line":27,"column":23},"end":{"line":27,"column":43}},"13":{"start":{"line":28,"column":15},"end":{"line":28,"column":28}},"14":{"start":{"line":29,"column":14},"end":{"line":29,"column":33}},"15":{"start":{"line":30,"column":12},"end":{"line":30,"column":32}},"16":{"start":{"line":31,"column":12},"end":{"line":31,"column":20}},"17":{"start":{"line":32,"column":2},"end":{"line":36,"column":3}},"18":{"start":{"line":33,"column":4},"end":{"line":33,"column":46}},"19":{"start":{"line":33,"column":17},"end":{"line":33,"column":46}},"20":{"start":{"line":34,"column":4},"end":{"line":34,"column":46}},"21":{"start":{"line":34,"column":17},"end":{"line":34,"column":46}},"22":{"start":{"line":35,"column":4},"end":{"line":35,"column":37}},"23":{"start":{"line":37,"column":2},"end":{"line":37,"column":45}},"24":{"start":{"line":37,"column":15},"end":{"line":37,"column":45}},"25":{"start":{"line":38,"column":2},"end":{"line":38,"column":45}},"26":{"start":{"line":38,"column":15},"end":{"line":38,"column":45}},"27":{"start":{"line":39,"column":2},"end":{"line":39,"column":36}},"28":{"start":{"line":43,"column":18},"end":{"line":43,"column":85}},"29":{"start":{"line":44,"column":14},"end":{"line":44,"column":31}},"30":{"start":{"line":45,"column":2},"end":{"line":45,"column":61}},"31":{"start":{"line":45,"column":35},"end":{"line":45,"column":61}},"32":{"start":{"line":47,"column":16},"end":{"line":47,"column":80}},"33":{"start":{"line":48,"column":15},"end":{"line":48,"column":83}},"34":{"start":{"line":49,"column":2},"end":{"line":49,"column":42}},"35":{"start":{"line":49,"column":16},"end":{"line":49,"column":42}},"36":{"start":{"line":50,"column":2},"end":{"line":50,"column":47}},"37":{"start":{"line":50,"column":18},"end":{"line":50,"column":47}},"38":{"start":{"line":51,"column":2},"end":{"line":51,"column":44}},"39":{"start":{"line":51,"column":18},"end":{"line":51,"column":44}},"40":{"start":{"line":52,"column":2},"end":{"line":52,"column":40}},"41":{"start":{"line":56,"column":12},"end":{"line":56,"column":85}},"42":{"start":{"line":57,"column":2},"end":{"line":57,"column":35}},"43":{"start":{"line":61,"column":12},"end":{"line":61,"column":87}},"44":{"start":{"line":62,"column":2},"end":{"line":62,"column":35}},"45":{"start":{"line":66,"column":17},"end":{"line":66,"column":29}},"46":{"start":{"line":67,"column":2},"end":{"line":67,"column":60}},"47":{"start":{"line":71,"column":17},"end":{"line":71,"column":30}},"48":{"start":{"line":72,"column":2},"end":{"line":72,"column":56}},"49":{"start":{"line":76,"column":2},"end":{"line":76,"column":89}},"50":{"start":{"line":80,"column":2},"end":{"line":80,"column":22}},"51":{"start":{"line":80,"column":12},"end":{"line":80,"column":22}},"52":{"start":{"line":81,"column":12},"end":{"line":81,"column":22}},"53":{"start":{"line":82,"column":2},"end":{"line":82,"column":32}},"54":{"start":{"line":82,"column":23},"end":{"line":82,"column":32}},"55":{"start":{"line":83,"column":16},"end":{"line":83,"column":31}},"56":{"start":{"line":84,"column":20},"end":{"line":84,"column":42}},"57":{"start":{"line":85,"column":2},"end":{"line":85,"column":78}},"58":{"start":{"line":85,"column":29},"end":{"line":85,"column":78}},"59":{"start":{"line":86,"column":2},"end":{"line":86,"column":31}},"60":{"start":{"line":90,"column":2},"end":{"line":90,"column":22}},"61":{"start":{"line":90,"column":12},"end":{"line":90,"column":22}},"62":{"start":{"line":91,"column":16},"end":{"line":91,"column":48}},"63":{"start":{"line":92,"column":2},"end":{"line":92,"column":38}},"64":{"start":{"line":96,"column":2},"end":{"line":96,"column":44}},"65":{"start":{"line":96,"column":29},"end":{"line":96,"column":35}},"66":{"start":{"line":102,"column":20},"end":{"line":102,"column":38}},"67":{"start":{"line":103,"column":16},"end":{"line":103,"column":47}},"68":{"start":{"line":104,"column":15},"end":{"line":104,"column":43}},"69":{"start":{"line":105,"column":19},"end":{"line":105,"column":43}},"70":{"start":{"line":106,"column":2},"end":{"line":106,"column":81}},"71":{"start":{"line":110,"column":2},"end":{"line":110,"column":53}},"72":{"start":{"line":114,"column":13},"end":{"line":114,"column":22}},"73":{"start":{"line":115,"column":2},"end":{"line":115,"column":27}},"74":{"start":{"line":115,"column":16},"end":{"line":115,"column":27}},"75":{"start":{"line":116,"column":2},"end":{"line":116,"column":14}},"76":{"start":{"line":146,"column":36},"end":{"line":153,"column":1}},"77":{"start":{"line":155,"column":38},"end":{"line":162,"column":1}},"78":{"start":{"line":165,"column":15},"end":{"line":165,"column":63}},"79":{"start":{"line":165,"column":30},"end":{"line":165,"column":63}},"80":{"start":{"line":169,"column":18},"end":{"line":176,"column":3}},"81":{"start":{"line":170,"column":19},"end":{"line":170,"column":43}},"82":{"start":{"line":171,"column":22},"end":{"line":171,"column":62}},"83":{"start":{"line":172,"column":17},"end":{"line":172,"column":64}},"84":{"start":{"line":173,"column":15},"end":{"line":173,"column":36}},"85":{"start":{"line":174,"column":15},"end":{"line":174,"column":24}},"86":{"start":{"line":175,"column":4},"end":{"line":175,"column":75}},"87":{"start":{"line":177,"column":2},"end":{"line":184,"column":4}},"88":{"start":{"line":191,"column":15},"end":{"line":191,"column":64}},"89":{"start":{"line":192,"column":2},"end":{"line":192,"column":59}},"90":{"start":{"line":192,"column":29},"end":{"line":192,"column":59}},"91":{"start":{"line":193,"column":2},"end":{"line":193,"column":57}},"92":{"start":{"line":193,"column":28},"end":{"line":193,"column":57}},"93":{"start":{"line":194,"column":2},"end":{"line":194,"column":14}},"94":{"start":{"line":225,"column":2},"end":{"line":227,"column":3}},"95":{"start":{"line":226,"column":4},"end":{"line":226,"column":61}},"96":{"start":{"line":228,"column":2},"end":{"line":230,"column":3}},"97":{"start":{"line":229,"column":4},"end":{"line":229,"column":56}},"98":{"start":{"line":231,"column":2},"end":{"line":231,"column":57}},"99":{"start":{"line":237,"column":2},"end":{"line":244,"column":3}},"100":{"start":{"line":238,"column":4},"end":{"line":243,"column":6}},"101":{"start":{"line":245,"column":2},"end":{"line":252,"column":3}},"102":{"start":{"line":246,"column":4},"end":{"line":251,"column":6}},"103":{"start":{"line":254,"column":2},"end":{"line":256,"column":4}}},"fnMap":{"0":{"name":"getGreeting","decl":{"start":{"line":13,"column":16},"end":{"line":13,"column":27}},"loc":{"start":{"line":13,"column":53},"end":{"line":18,"column":1}},"line":13},"1":{"name":"formatRelativeTime","decl":{"start":{"line":20,"column":16},"end":{"line":20,"column":34}},"loc":{"start":{"line":20,"column":80},"end":{"line":40,"column":1}},"line":20},"2":{"name":"formatTrialRemaining","decl":{"start":{"line":42,"column":16},"end":{"line":42,"column":36}},"loc":{"start":{"line":42,"column":92},"end":{"line":53,"column":1}},"line":42},"3":{"name":"monthsFull","decl":{"start":{"line":55,"column":9},"end":{"line":55,"column":19}},"loc":{"start":{"line":55,"column":41},"end":{"line":58,"column":1}},"line":55},"4":{"name":"monthsShort","decl":{"start":{"line":60,"column":9},"end":{"line":60,"column":20}},"loc":{"start":{"line":60,"column":42},"end":{"line":63,"column":1}},"line":60},"5":{"name":"formatMonthYear","decl":{"start":{"line":65,"column":16},"end":{"line":65,"column":31}},"loc":{"start":{"line":65,"column":62},"end":{"line":68,"column":1}},"line":65},"6":{"name":"formatDayMonth","decl":{"start":{"line":70,"column":16},"end":{"line":70,"column":30}},"loc":{"start":{"line":70,"column":61},"end":{"line":73,"column":1}},"line":70},"7":{"name":"formatStreak","decl":{"start":{"line":75,"column":16},"end":{"line":75,"column":28}},"loc":{"start":{"line":75,"column":53},"end":{"line":77,"column":1}},"line":75},"8":{"name":"clampDisplayName","decl":{"start":{"line":79,"column":16},"end":{"line":79,"column":32}},"loc":{"start":{"line":79,"column":83},"end":{"line":87,"column":1}},"line":79},"9":{"name":"firstName","decl":{"start":{"line":89,"column":16},"end":{"line":89,"column":25}},"loc":{"start":{"line":89,"column":76},"end":{"line":93,"column":1}},"line":89},"10":{"name":"countCompleted","decl":{"start":{"line":95,"column":16},"end":{"line":95,"column":30}},"loc":{"start":{"line":95,"column":89},"end":{"line":97,"column":1}},"line":95},"11":{"name":"(anonymous_11)","decl":{"start":{"line":96,"column":22},"end":{"line":96,"column":23}},"loc":{"start":{"line":96,"column":29},"end":{"line":96,"column":35}},"line":96},"12":{"name":"formatHour","decl":{"start":{"line":99,"column":16},"end":{"line":99,"column":26}},"loc":{"start":{"line":99,"column":46},"end":{"line":107,"column":1}},"line":99},"13":{"name":"formatHourRange","decl":{"start":{"line":109,"column":16},"end":{"line":109,"column":31}},"loc":{"start":{"line":109,"column":68},"end":{"line":111,"column":1}},"line":109},"14":{"name":"hoursBetween","decl":{"start":{"line":113,"column":16},"end":{"line":113,"column":28}},"loc":{"start":{"line":113,"column":63},"end":{"line":117,"column":1}},"line":113},"15":{"name":"shiftHours","decl":{"start":{"line":164,"column":9},"end":{"line":164,"column":19}},"loc":{"start":{"line":164,"column":73},"end":{"line":185,"column":1}},"line":164},"16":{"name":"(anonymous_16)","decl":{"start":{"line":165,"column":15},"end":{"line":165,"column":16}},"loc":{"start":{"line":165,"column":30},"end":{"line":165,"column":63}},"line":165},"17":{"name":"(anonymous_17)","decl":{"start":{"line":169,"column":18},"end":{"line":169,"column":19}},"loc":{"start":{"line":169,"column":33},"end":{"line":176,"column":3}},"line":169},"18":{"name":"suggestedPlanFromOnboarding","decl":{"start":{"line":187,"column":16},"end":{"line":187,"column":43}},"loc":{"start":{"line":190,"column":17},"end":{"line":195,"column":1}},"line":190},"19":{"name":"napWindowForShift","decl":{"start":{"line":222,"column":16},"end":{"line":222,"column":33}},"loc":{"start":{"line":224,"column":20},"end":{"line":232,"column":1}},"line":224},"20":{"name":"lightWindowsForShift","decl":{"start":{"line":234,"column":16},"end":{"line":234,"column":36}},"loc":{"start":{"line":236,"column":17},"end":{"line":257,"column":1}},"line":236}},"branchMap":{"0":{"loc":{"start":{"line":14,"column":2},"end":{"line":14,"column":47}},"type":"if","locations":[{"start":{"line":14,"column":2},"end":{"line":14,"column":47}},{"start":{},"end":{}}],"line":14},"1":{"loc":{"start":{"line":15,"column":2},"end":{"line":15,"column":50}},"type":"if","locations":[{"start":{"line":15,"column":2},"end":{"line":15,"column":50}},{"start":{},"end":{}}],"line":15},"2":{"loc":{"start":{"line":16,"column":2},"end":{"line":16,"column":52}},"type":"if","locations":[{"start":{"line":16,"column":2},"end":{"line":16,"column":52}},{"start":{},"end":{}}],"line":16},"3":{"loc":{"start":{"line":25,"column":2},"end":{"line":25,"column":29}},"type":"if","locations":[{"start":{"line":25,"column":2},"end":{"line":25,"column":29}},{"start":{},"end":{}}],"line":25},"4":{"loc":{"start":{"line":27,"column":2},"end":{"line":27,"column":43}},"type":"if","locations":[{"start":{"line":27,"column":2},"end":{"line":27,"column":43}},{"start":{},"end":{}}],"line":27},"5":{"loc":{"start":{"line":32,"column":2},"end":{"line":36,"column":3}},"type":"if","locations":[{"start":{"line":32,"column":2},"end":{"line":36,"column":3}},{"start":{},"end":{}}],"line":32},"6":{"loc":{"start":{"line":33,"column":4},"end":{"line":33,"column":46}},"type":"if","locations":[{"start":{"line":33,"column":4},"end":{"line":33,"column":46}},{"start":{},"end":{}}],"line":33},"7":{"loc":{"start":{"line":34,"column":4},"end":{"line":34,"column":46}},"type":"if","locations":[{"start":{"line":34,"column":4},"end":{"line":34,"column":46}},{"start":{},"end":{}}],"line":34},"8":{"loc":{"start":{"line":37,"column":2},"end":{"line":37,"column":45}},"type":"if","locations":[{"start":{"line":37,"column":2},"end":{"line":37,"column":45}},{"start":{},"end":{}}],"line":37},"9":{"loc":{"start":{"line":38,"column":2},"end":{"line":38,"column":45}},"type":"if","locations":[{"start":{"line":38,"column":2},"end":{"line":38,"column":45}},{"start":{},"end":{}}],"line":38},"10":{"loc":{"start":{"line":42,"column":58},"end":{"line":42,"column":82}},"type":"default-arg","locations":[{"start":{"line":42,"column":72},"end":{"line":42,"column":82}}],"line":42},"11":{"loc":{"start":{"line":43,"column":18},"end":{"line":43,"column":85}},"type":"cond-expr","locations":[{"start":{"line":43,"column":46},"end":{"line":43,"column":57}},{"start":{"line":43,"column":60},"end":{"line":43,"column":85}}],"line":43},"12":{"loc":{"start":{"line":45,"column":2},"end":{"line":45,"column":61}},"type":"if","locations":[{"start":{"line":45,"column":2},"end":{"line":45,"column":61}},{"start":{},"end":{}}],"line":45},"13":{"loc":{"start":{"line":49,"column":2},"end":{"line":49,"column":42}},"type":"if","locations":[{"start":{"line":49,"column":2},"end":{"line":49,"column":42}},{"start":{},"end":{}}],"line":49},"14":{"loc":{"start":{"line":50,"column":2},"end":{"line":50,"column":47}},"type":"if","locations":[{"start":{"line":50,"column":2},"end":{"line":50,"column":47}},{"start":{},"end":{}}],"line":50},"15":{"loc":{"start":{"line":51,"column":2},"end":{"line":51,"column":44}},"type":"if","locations":[{"start":{"line":51,"column":2},"end":{"line":51,"column":44}},{"start":{},"end":{}}],"line":51},"16":{"loc":{"start":{"line":57,"column":9},"end":{"line":57,"column":34}},"type":"cond-expr","locations":[{"start":{"line":57,"column":28},"end":{"line":57,"column":29}},{"start":{"line":57,"column":32},"end":{"line":57,"column":34}}],"line":57},"17":{"loc":{"start":{"line":62,"column":9},"end":{"line":62,"column":34}},"type":"cond-expr","locations":[{"start":{"line":62,"column":28},"end":{"line":62,"column":29}},{"start":{"line":62,"column":32},"end":{"line":62,"column":34}}],"line":62},"18":{"loc":{"start":{"line":65,"column":32},"end":{"line":65,"column":52}},"type":"default-arg","locations":[{"start":{"line":65,"column":42},"end":{"line":65,"column":52}}],"line":65},"19":{"loc":{"start":{"line":67,"column":12},"end":{"line":67,"column":38}},"type":"binary-expr","locations":[{"start":{"line":67,"column":12},"end":{"line":67,"column":32}},{"start":{"line":67,"column":36},"end":{"line":67,"column":38}}],"line":67},"20":{"loc":{"start":{"line":70,"column":31},"end":{"line":70,"column":51}},"type":"default-arg","locations":[{"start":{"line":70,"column":41},"end":{"line":70,"column":51}}],"line":70},"21":{"loc":{"start":{"line":72,"column":27},"end":{"line":72,"column":53}},"type":"binary-expr","locations":[{"start":{"line":72,"column":27},"end":{"line":72,"column":47}},{"start":{"line":72,"column":51},"end":{"line":72,"column":53}}],"line":72},"22":{"loc":{"start":{"line":76,"column":22},"end":{"line":76,"column":86}},"type":"cond-expr","locations":[{"start":{"line":76,"column":37},"end":{"line":76,"column":59}},{"start":{"line":76,"column":62},"end":{"line":76,"column":86}}],"line":76},"23":{"loc":{"start":{"line":79,"column":65},"end":{"line":79,"column":73}},"type":"default-arg","locations":[{"start":{"line":79,"column":71},"end":{"line":79,"column":73}}],"line":79},"24":{"loc":{"start":{"line":80,"column":2},"end":{"line":80,"column":22}},"type":"if","locations":[{"start":{"line":80,"column":2},"end":{"line":80,"column":22}},{"start":{},"end":{}}],"line":80},"25":{"loc":{"start":{"line":82,"column":2},"end":{"line":82,"column":32}},"type":"if","locations":[{"start":{"line":82,"column":2},"end":{"line":82,"column":32}},{"start":{},"end":{}}],"line":82},"26":{"loc":{"start":{"line":85,"column":2},"end":{"line":85,"column":78}},"type":"if","locations":[{"start":{"line":85,"column":2},"end":{"line":85,"column":78}},{"start":{},"end":{}}],"line":85},"27":{"loc":{"start":{"line":89,"column":58},"end":{"line":89,"column":66}},"type":"default-arg","locations":[{"start":{"line":89,"column":64},"end":{"line":89,"column":66}}],"line":89},"28":{"loc":{"start":{"line":90,"column":2},"end":{"line":90,"column":22}},"type":"if","locations":[{"start":{"line":90,"column":2},"end":{"line":90,"column":22}},{"start":{},"end":{}}],"line":90},"29":{"loc":{"start":{"line":91,"column":16},"end":{"line":91,"column":48}},"type":"binary-expr","locations":[{"start":{"line":91,"column":16},"end":{"line":91,"column":42}},{"start":{"line":91,"column":46},"end":{"line":91,"column":48}}],"line":91},"30":{"loc":{"start":{"line":115,"column":2},"end":{"line":115,"column":27}},"type":"if","locations":[{"start":{"line":115,"column":2},"end":{"line":115,"column":27}},{"start":{},"end":{}}],"line":115},"31":{"loc":{"start":{"line":191,"column":15},"end":{"line":191,"column":64}},"type":"cond-expr","locations":[{"start":{"line":191,"column":35},"end":{"line":191,"column":49}},{"start":{"line":191,"column":52},"end":{"line":191,"column":64}}],"line":191},"32":{"loc":{"start":{"line":192,"column":2},"end":{"line":192,"column":59}},"type":"if","locations":[{"start":{"line":192,"column":2},"end":{"line":192,"column":59}},{"start":{},"end":{}}],"line":192},"33":{"loc":{"start":{"line":193,"column":2},"end":{"line":193,"column":57}},"type":"if","locations":[{"start":{"line":193,"column":2},"end":{"line":193,"column":57}},{"start":{},"end":{}}],"line":193},"34":{"loc":{"start":{"line":225,"column":2},"end":{"line":227,"column":3}},"type":"if","locations":[{"start":{"line":225,"column":2},"end":{"line":227,"column":3}},{"start":{},"end":{}}],"line":225},"35":{"loc":{"start":{"line":228,"column":2},"end":{"line":230,"column":3}},"type":"if","locations":[{"start":{"line":228,"column":2},"end":{"line":230,"column":3}},{"start":{},"end":{}}],"line":228},"36":{"loc":{"start":{"line":237,"column":2},"end":{"line":244,"column":3}},"type":"if","locations":[{"start":{"line":237,"column":2},"end":{"line":244,"column":3}},{"start":{},"end":{}}],"line":237},"37":{"loc":{"start":{"line":245,"column":2},"end":{"line":252,"column":3}},"type":"if","locations":[{"start":{"line":245,"column":2},"end":{"line":252,"column":3}},{"start":{},"end":{}}],"line":245}},"s":{"0":8,"1":2,"2":6,"3":2,"4":4,"5":2,"6":2,"7":10,"8":10,"9":2,"10":10,"11":10,"12":3,"13":7,"14":7,"15":7,"16":7,"17":7,"18":2,"19":1,"20":1,"21":1,"22":0,"23":5,"24":2,"25":3,"26":2,"27":1,"28":5,"29":5,"30":5,"31":1,"32":4,"33":4,"34":4,"35":1,"36":3,"37":1,"38":2,"39":1,"40":1,"41":1,"42":1,"43":1,"44":1,"45":1,"46":1,"47":1,"48":1,"49":3,"50":9,"51":3,"52":6,"53":6,"54":4,"55":2,"56":2,"57":2,"58":0,"59":2,"60":4,"61":2,"62":2,"63":2,"64":3,"65":5,"66":13,"67":13,"68":13,"69":13,"70":13,"71":2,"72":4,"73":4,"74":2,"75":4,"76":1,"77":1,"78":2,"79":4,"80":2,"81":4,"82":4,"83":4,"84":4,"85":4,"86":4,"87":2,"88":8,"89":8,"90":1,"91":7,"92":1,"93":6,"94":3,"95":1,"96":2,"97":1,"98":1,"99":5,"100":3,"101":2,"102":1,"103":1},"f":{"0":8,"1":10,"2":5,"3":1,"4":1,"5":1,"6":1,"7":3,"8":9,"9":4,"10":3,"11":5,"12":13,"13":2,"14":4,"15":2,"16":4,"17":4,"18":8,"19":3,"20":5},"b":{"0":[2,6],"1":[2,4],"2":[2,2],"3":[2,8],"4":[3,7],"5":[2,5],"6":[1,1],"7":[1,0],"8":[2,3],"9":[2,1],"10":[0],"11":[0,5],"12":[1,4],"13":[1,3],"14":[1,2],"15":[1,1],"16":[0,1],"17":[0,1],"18":[0],"19":[1,1],"20":[0],"21":[1,1],"22":[1,2],"23":[5],"24":[3,6],"25":[4,2],"26":[0,2],"27":[4],"28":[2,2],"29":[2,0],"30":[2,2],"31":[1,7],"32":[1,7],"33":[1,6],"34":[1,2],"35":[1,1],"36":[3,2],"37":[1,1]},"_coverageSchema":"1a1c01bbd47fc00a2c39e90264f33305004495a9","hash":"c5ee2b1b20604d45e449a9ea4205a6de11a3357d"}
,"/Users/evgenij/Desktop/work/APP_DEVELOPMENT/shiftrest/lib/events.ts": {"path":"/Users/evgenij/Desktop/work/APP_DEVELOPMENT/shiftrest/lib/events.ts","statementMap":{"0":{"start":{"line":27,"column":20},"end":{"line":27,"column":60}},"1":{"start":{"line":28,"column":17},"end":{"line":28,"column":28}},"2":{"start":{"line":34,"column":2},"end":{"line":34,"column":49}},"3":{"start":{"line":34,"column":42},"end":{"line":34,"column":49}},"4":{"start":{"line":38,"column":19},"end":{"line":38,"column":51}},"5":{"start":{"line":39,"column":17},"end":{"line":39,"column":39}},"6":{"start":{"line":40,"column":2},"end":{"line":40,"column":22}},"7":{"start":{"line":40,"column":15},"end":{"line":40,"column":22}},"8":{"start":{"line":42,"column":14},"end":{"line":48,"column":3}},"9":{"start":{"line":52,"column":2},"end":{"line":56,"column":5}},"10":{"start":{"line":53,"column":4},"end":{"line":55,"column":5}},"11":{"start":{"line":54,"column":6},"end":{"line":54,"column":60}}},"fnMap":{"0":{"name":"logEvent","decl":{"start":{"line":30,"column":22},"end":{"line":30,"column":30}},"loc":{"start":{"line":33,"column":17},"end":{"line":57,"column":1}},"line":33},"1":{"name":"(anonymous_1)","decl":{"start":{"line":52,"column":47},"end":{"line":52,"column":48}},"loc":{"start":{"line":52,"column":62},"end":{"line":56,"column":3}},"line":52}},"branchMap":{"0":{"loc":{"start":{"line":27,"column":20},"end":{"line":27,"column":60}},"type":"binary-expr","locations":[{"start":{"line":27,"column":20},"end":{"line":27,"column":49}},{"start":{"line":27,"column":53},"end":{"line":27,"column":60}}],"line":27},"1":{"loc":{"start":{"line":32,"column":2},"end":{"line":32,"column":39}},"type":"default-arg","locations":[{"start":{"line":32,"column":37},"end":{"line":32,"column":39}}],"line":32},"2":{"loc":{"start":{"line":34,"column":2},"end":{"line":34,"column":49}},"type":"if","locations":[{"start":{"line":34,"column":2},"end":{"line":34,"column":49}},{"start":{},"end":{}}],"line":34},"3":{"loc":{"start":{"line":34,"column":6},"end":{"line":34,"column":40}},"type":"binary-expr","locations":[{"start":{"line":34,"column":6},"end":{"line":34,"column":27}},{"start":{"line":34,"column":31},"end":{"line":34,"column":40}}],"line":34},"4":{"loc":{"start":{"line":40,"column":2},"end":{"line":40,"column":22}},"type":"if","locations":[{"start":{"line":40,"column":2},"end":{"line":40,"column":22}},{"start":{},"end":{}}],"line":40},"5":{"loc":{"start":{"line":45,"column":13},"end":{"line":45,"column":26}},"type":"binary-expr","locations":[{"start":{"line":45,"column":13},"end":{"line":45,"column":20}},{"start":{"line":45,"column":24},"end":{"line":45,"column":26}}],"line":45},"6":{"loc":{"start":{"line":53,"column":4},"end":{"line":55,"column":5}},"type":"if","locations":[{"start":{"line":53,"column":4},"end":{"line":55,"column":5}},{"start":{},"end":{}}],"line":53},"7":{"loc":{"start":{"line":53,"column":8},"end":{"line":53,"column":24}},"type":"binary-expr","locations":[{"start":{"line":53,"column":8},"end":{"line":53,"column":13}},{"start":{"line":53,"column":17},"end":{"line":53,"column":24}}],"line":53}},"s":{"0":3,"1":3,"2":0,"3":0,"4":0,"5":0,"6":0,"7":0,"8":0,"9":0,"10":0,"11":0},"f":{"0":0,"1":0},"b":{"0":[3,3],"1":[0],"2":[0,0],"3":[0,0],"4":[0,0],"5":[0,0],"6":[0,0],"7":[0,0]},"_coverageSchema":"1a1c01bbd47fc00a2c39e90264f33305004495a9","hash":"e9fb0e5049d4ce657229656bcd362ac3c1b679d7"}
,"/Users/evgenij/Desktop/work/APP_DEVELOPMENT/shiftrest/lib/supabase.ts": {"path":"/Users/evgenij/Desktop/work/APP_DEVELOPMENT/shiftrest/lib/supabase.ts","statementMap":{"0":{"start":{"line":17,"column":12},"end":{"line":17,"column":48}},"1":{"start":{"line":18,"column":16},"end":{"line":18,"column":57}},"2":{"start":{"line":20,"column":36},"end":{"line":20,"column":59}},"3":{"start":{"line":22,"column":47},"end":{"line":32,"column":8}}},"fnMap":{},"branchMap":{"0":{"loc":{"start":{"line":20,"column":44},"end":{"line":20,"column":58}},"type":"binary-expr","locations":[{"start":{"line":20,"column":44},"end":{"line":20,"column":47}},{"start":{"line":20,"column":51},"end":{"line":20,"column":58}}],"line":20},"1":{"loc":{"start":{"line":22,"column":47},"end":{"line":32,"column":8}},"type":"cond-expr","locations":[{"start":{"line":23,"column":4},"end":{"line":31,"column":6}},{"start":{"line":32,"column":4},"end":{"line":32,"column":8}}],"line":22}},"s":{"0":1,"1":1,"2":1,"3":1},"f":{},"b":{"0":[1,0],"1":[0,1]},"_coverageSchema":"1a1c01bbd47fc00a2c39e90264f33305004495a9","hash":"233b2c1fdc492253ff24713ff2c0e92556840147"}
,"/Users/evgenij/Desktop/work/APP_DEVELOPMENT/shiftrest/lib/auth/store.tsx": {"path":"/Users/evgenij/Desktop/work/APP_DEVELOPMENT/shiftrest/lib/auth/store.tsx","statementMap":{"0":{"start":{"line":42,"column":20},"end":{"line":42,"column":57}},"1":{"start":{"line":44,"column":35},"end":{"line":48,"column":1}},"2":{"start":{"line":51,"column":32},"end":{"line":51,"column":62}},"3":{"start":{"line":52,"column":32},"end":{"line":52,"column":71}},"4":{"start":{"line":54,"column":2},"end":{"line":76,"column":9}},"5":{"start":{"line":55,"column":4},"end":{"line":58,"column":5}},"6":{"start":{"line":56,"column":6},"end":{"line":56,"column":24}},"7":{"start":{"line":57,"column":6},"end":{"line":57,"column":13}},"8":{"start":{"line":60,"column":16},"end":{"line":60,"column":20}},"9":{"start":{"line":62,"column":4},"end":{"line":66,"column":7}},"10":{"start":{"line":63,"column":6},"end":{"line":63,"column":25}},"11":{"start":{"line":63,"column":18},"end":{"line":63,"column":25}},"12":{"start":{"line":64,"column":6},"end":{"line":64,"column":31}},"13":{"start":{"line":65,"column":6},"end":{"line":65,"column":24}},"14":{"start":{"line":68,"column":26},"end":{"line":70,"column":6}},"15":{"start":{"line":69,"column":6},"end":{"line":69,"column":23}},"16":{"start":{"line":72,"column":4},"end":{"line":75,"column":6}},"17":{"start":{"line":73,"column":6},"end":{"line":73,"column":20}},"18":{"start":{"line":74,"column":6},"end":{"line":74,"column":37}},"19":{"start":{"line":78,"column":29},"end":{"line":86,"column":3}},"20":{"start":{"line":80,"column":6},"end":{"line":80,"column":43}},"21":{"start":{"line":80,"column":21},"end":{"line":80,"column":43}},"22":{"start":{"line":81,"column":24},"end":{"line":81,"column":83}},"23":{"start":{"line":82,"column":6},"end":{"line":82,"column":66}},"24":{"start":{"line":82,"column":18},"end":{"line":82,"column":66}},"25":{"start":{"line":83,"column":6},"end":{"line":83,"column":23}},"26":{"start":{"line":88,"column":29},"end":{"line":103,"column":3}},"27":{"start":{"line":90,"column":6},"end":{"line":90,"column":43}},"28":{"start":{"line":90,"column":21},"end":{"line":90,"column":43}},"29":{"start":{"line":91,"column":24},"end":{"line":98,"column":8}},"30":{"start":{"line":99,"column":6},"end":{"line":99,"column":66}},"31":{"start":{"line":99,"column":18},"end":{"line":99,"column":66}},"32":{"start":{"line":100,"column":6},"end":{"line":100,"column":23}},"33":{"start":{"line":105,"column":26},"end":{"line":152,"column":8}},"34":{"start":{"line":106,"column":4},"end":{"line":106,"column":41}},"35":{"start":{"line":106,"column":19},"end":{"line":106,"column":41}},"36":{"start":{"line":107,"column":4},"end":{"line":109,"column":5}},"37":{"start":{"line":108,"column":6},"end":{"line":108,"column":62}},"38":{"start":{"line":111,"column":4},"end":{"line":151,"column":5}},"39":{"start":{"line":112,"column":24},"end":{"line":112,"column":68}},"40":{"start":{"line":113,"column":6},"end":{"line":117,"column":7}},"41":{"start":{"line":114,"column":8},"end":{"line":116,"column":10}},"42":{"start":{"line":119,"column":25},"end":{"line":124,"column":8}},"43":{"start":{"line":126,"column":6},"end":{"line":128,"column":7}},"44":{"start":{"line":127,"column":8},"end":{"line":127,"column":64}},"45":{"start":{"line":133,"column":8},"end":{"line":135,"column":21}},"46":{"start":{"line":137,"column":24},"end":{"line":141,"column":65}},"47":{"start":{"line":142,"column":6},"end":{"line":142,"column":63}},"48":{"start":{"line":142,"column":18},"end":{"line":142,"column":63}},"49":{"start":{"line":143,"column":6},"end":{"line":143,"column":23}},"50":{"start":{"line":146,"column":19},"end":{"line":146,"column":48}},"51":{"start":{"line":147,"column":6},"end":{"line":149,"column":7}},"52":{"start":{"line":148,"column":8},"end":{"line":148,"column":31}},"53":{"start":{"line":150,"column":6},"end":{"line":150,"column":70}},"54":{"start":{"line":154,"column":24},"end":{"line":160,"column":8}},"55":{"start":{"line":155,"column":4},"end":{"line":155,"column":41}},"56":{"start":{"line":155,"column":19},"end":{"line":155,"column":41}},"57":{"start":{"line":156,"column":22},"end":{"line":158,"column":6}},"58":{"start":{"line":159,"column":4},"end":{"line":159,"column":21}},"59":{"start":{"line":162,"column":18},"end":{"line":168,"column":8}},"60":{"start":{"line":163,"column":4},"end":{"line":163,"column":41}},"61":{"start":{"line":163,"column":19},"end":{"line":163,"column":41}},"62":{"start":{"line":165,"column":4},"end":{"line":165,"column":33}},"63":{"start":{"line":166,"column":22},"end":{"line":166,"column":51}},"64":{"start":{"line":167,"column":4},"end":{"line":167,"column":21}},"65":{"start":{"line":170,"column":16},"end":{"line":183,"column":3}},"66":{"start":{"line":171,"column":11},"end":{"line":181,"column":5}},"67":{"start":{"line":185,"column":2},"end":{"line":185,"column":79}},"68":{"start":{"line":189,"column":14},"end":{"line":189,"column":37}},"69":{"start":{"line":190,"column":2},"end":{"line":192,"column":3}},"70":{"start":{"line":191,"column":4},"end":{"line":191,"column":67}},"71":{"start":{"line":193,"column":2},"end":{"line":193,"column":13}}},"fnMap":{"0":{"name":"AuthProvider","decl":{"start":{"line":50,"column":16},"end":{"line":50,"column":28}},"loc":{"start":{"line":50,"column":68},"end":{"line":186,"column":1}},"line":50},"1":{"name":"(anonymous_1)","decl":{"start":{"line":54,"column":12},"end":{"line":54,"column":13}},"loc":{"start":{"line":54,"column":18},"end":{"line":76,"column":3}},"line":54},"2":{"name":"(anonymous_2)","decl":{"start":{"line":62,"column":36},"end":{"line":62,"column":37}},"loc":{"start":{"line":62,"column":50},"end":{"line":66,"column":5}},"line":62},"3":{"name":"(anonymous_3)","decl":{"start":{"line":68,"column":58},"end":{"line":68,"column":59}},"loc":{"start":{"line":68,"column":76},"end":{"line":70,"column":5}},"line":68},"4":{"name":"(anonymous_4)","decl":{"start":{"line":72,"column":11},"end":{"line":72,"column":12}},"loc":{"start":{"line":72,"column":17},"end":{"line":75,"column":5}},"line":72},"5":{"name":"(anonymous_5)","decl":{"start":{"line":79,"column":4},"end":{"line":79,"column":5}},"loc":{"start":{"line":79,"column":68},"end":{"line":84,"column":5}},"line":79},"6":{"name":"(anonymous_6)","decl":{"start":{"line":89,"column":4},"end":{"line":89,"column":5}},"loc":{"start":{"line":89,"column":90},"end":{"line":101,"column":5}},"line":89},"7":{"name":"(anonymous_7)","decl":{"start":{"line":105,"column":38},"end":{"line":105,"column":39}},"loc":{"start":{"line":105,"column":71},"end":{"line":152,"column":3}},"line":105},"8":{"name":"(anonymous_8)","decl":{"start":{"line":154,"column":36},"end":{"line":154,"column":37}},"loc":{"start":{"line":154,"column":82},"end":{"line":160,"column":3}},"line":154},"9":{"name":"(anonymous_9)","decl":{"start":{"line":162,"column":30},"end":{"line":162,"column":31}},"loc":{"start":{"line":162,"column":63},"end":{"line":168,"column":3}},"line":162},"10":{"name":"(anonymous_10)","decl":{"start":{"line":171,"column":4},"end":{"line":171,"column":5}},"loc":{"start":{"line":171,"column":11},"end":{"line":181,"column":5}},"line":171},"11":{"name":"useAuth","decl":{"start":{"line":188,"column":16},"end":{"line":188,"column":23}},"loc":{"start":{"line":188,"column":37},"end":{"line":194,"column":1}},"line":188}},"branchMap":{"0":{"loc":{"start":{"line":55,"column":4},"end":{"line":58,"column":5}},"type":"if","locations":[{"start":{"line":55,"column":4},"end":{"line":58,"column":5}},{"start":{},"end":{}}],"line":55},"1":{"loc":{"start":{"line":63,"column":6},"end":{"line":63,"column":25}},"type":"if","locations":[{"start":{"line":63,"column":6},"end":{"line":63,"column":25}},{"start":{},"end":{}}],"line":63},"2":{"loc":{"start":{"line":80,"column":6},"end":{"line":80,"column":43}},"type":"if","locations":[{"start":{"line":80,"column":6},"end":{"line":80,"column":43}},{"start":{},"end":{}}],"line":80},"3":{"loc":{"start":{"line":82,"column":6},"end":{"line":82,"column":66}},"type":"if","locations":[{"start":{"line":82,"column":6},"end":{"line":82,"column":66}},{"start":{},"end":{}}],"line":82},"4":{"loc":{"start":{"line":90,"column":6},"end":{"line":90,"column":43}},"type":"if","locations":[{"start":{"line":90,"column":6},"end":{"line":90,"column":43}},{"start":{},"end":{}}],"line":90},"5":{"loc":{"start":{"line":96,"column":14},"end":{"line":96,"column":72}},"type":"cond-expr","locations":[{"start":{"line":96,"column":28},"end":{"line":96,"column":67}},{"start":{"line":96,"column":70},"end":{"line":96,"column":72}}],"line":96},"6":{"loc":{"start":{"line":99,"column":6},"end":{"line":99,"column":66}},"type":"if","locations":[{"start":{"line":99,"column":6},"end":{"line":99,"column":66}},{"start":{},"end":{}}],"line":99},"7":{"loc":{"start":{"line":106,"column":4},"end":{"line":106,"column":41}},"type":"if","locations":[{"start":{"line":106,"column":4},"end":{"line":106,"column":41}},{"start":{},"end":{}}],"line":106},"8":{"loc":{"start":{"line":107,"column":4},"end":{"line":109,"column":5}},"type":"if","locations":[{"start":{"line":107,"column":4},"end":{"line":109,"column":5}},{"start":{},"end":{}}],"line":107},"9":{"loc":{"start":{"line":113,"column":6},"end":{"line":117,"column":7}},"type":"if","locations":[{"start":{"line":113,"column":6},"end":{"line":117,"column":7}},{"start":{},"end":{}}],"line":113},"10":{"loc":{"start":{"line":126,"column":6},"end":{"line":128,"column":7}},"type":"if","locations":[{"start":{"line":126,"column":6},"end":{"line":128,"column":7}},{"start":{},"end":{}}],"line":126},"11":{"loc":{"start":{"line":133,"column":8},"end":{"line":135,"column":21}},"type":"cond-expr","locations":[{"start":{"line":134,"column":12},"end":{"line":134,"column":101}},{"start":{"line":135,"column":12},"end":{"line":135,"column":21}}],"line":133},"12":{"loc":{"start":{"line":133,"column":8},"end":{"line":133,"column":73}},"type":"binary-expr","locations":[{"start":{"line":133,"column":8},"end":{"line":133,"column":38}},{"start":{"line":133,"column":42},"end":{"line":133,"column":73}}],"line":133},"13":{"loc":{"start":{"line":134,"column":15},"end":{"line":134,"column":51}},"type":"binary-expr","locations":[{"start":{"line":134,"column":15},"end":{"line":134,"column":45}},{"start":{"line":134,"column":49},"end":{"line":134,"column":51}}],"line":134},"14":{"loc":{"start":{"line":134,"column":55},"end":{"line":134,"column":92}},"type":"binary-expr","locations":[{"start":{"line":134,"column":55},"end":{"line":134,"column":86}},{"start":{"line":134,"column":90},"end":{"line":134,"column":92}}],"line":134},"15":{"loc":{"start":{"line":140,"column":12},"end":{"line":140,"column":77}},"type":"cond-expr","locations":[{"start":{"line":140,"column":23},"end":{"line":140,"column":72}},{"start":{"line":140,"column":75},"end":{"line":140,"column":77}}],"line":140},"16":{"loc":{"start":{"line":142,"column":6},"end":{"line":142,"column":63}},"type":"if","locations":[{"start":{"line":142,"column":6},"end":{"line":142,"column":63}},{"start":{},"end":{}}],"line":142},"17":{"loc":{"start":{"line":147,"column":6},"end":{"line":149,"column":7}},"type":"if","locations":[{"start":{"line":147,"column":6},"end":{"line":149,"column":7}},{"start":{},"end":{}}],"line":147},"18":{"loc":{"start":{"line":150,"column":22},"end":{"line":150,"column":67}},"type":"cond-expr","locations":[{"start":{"line":150,"column":43},"end":{"line":150,"column":44}},{"start":{"line":150,"column":47},"end":{"line":150,"column":67}}],"line":150},"19":{"loc":{"start":{"line":155,"column":4},"end":{"line":155,"column":41}},"type":"if","locations":[{"start":{"line":155,"column":4},"end":{"line":155,"column":41}},{"start":{},"end":{}}],"line":155},"20":{"loc":{"start":{"line":163,"column":4},"end":{"line":163,"column":41}},"type":"if","locations":[{"start":{"line":163,"column":4},"end":{"line":163,"column":41}},{"start":{},"end":{}}],"line":163},"21":{"loc":{"start":{"line":173,"column":12},"end":{"line":173,"column":33}},"type":"binary-expr","locations":[{"start":{"line":173,"column":12},"end":{"line":173,"column":25}},{"start":{"line":173,"column":29},"end":{"line":173,"column":33}}],"line":173},"22":{"loc":{"start":{"line":190,"column":2},"end":{"line":192,"column":3}},"type":"if","locations":[{"start":{"line":190,"column":2},"end":{"line":192,"column":3}},{"start":{},"end":{}}],"line":190}},"s":{"0":3,"1":3,"2":0,"3":0,"4":0,"5":0,"6":0,"7":0,"8":0,"9":0,"10":0,"11":0,"12":0,"13":0,"14":0,"15":0,"16":0,"17":0,"18":0,"19":0,"20":0,"21":0,"22":0,"23":0,"24":0,"25":0,"26":0,"27":0,"28":0,"29":0,"30":0,"31":0,"32":0,"33":0,"34":0,"35":0,"36":0,"37":0,"38":0,"39":0,"40":0,"41":0,"42":0,"43":0,"44":0,"45":0,"46":0,"47":0,"48":0,"49":0,"50":0,"51":0,"52":0,"53":0,"54":0,"55":0,"56":0,"57":0,"58":0,"59":0,"60":0,"61":0,"62":0,"63":0,"64":0,"65":0,"66":0,"67":0,"68":0,"69":0,"70":0,"71":0},"f":{"0":0,"1":0,"2":0,"3":0,"4":0,"5":0,"6":0,"7":0,"8":0,"9":0,"10":0,"11":0},"b":{"0":[0,0],"1":[0,0],"2":[0,0],"3":[0,0],"4":[0,0],"5":[0,0],"6":[0,0],"7":[0,0],"8":[0,0],"9":[0,0],"10":[0,0],"11":[0,0],"12":[0,0],"13":[0,0],"14":[0,0],"15":[0,0],"16":[0,0],"17":[0,0],"18":[0,0],"19":[0,0],"20":[0,0],"21":[0,0],"22":[0,0]},"_coverageSchema":"1a1c01bbd47fc00a2c39e90264f33305004495a9","hash":"3c39f1156033dbf28ca984cc21e33e15fcd55189"}
,"/Users/evgenij/Desktop/work/APP_DEVELOPMENT/shiftrest/lib/caffeine-log/store.tsx": {"path":"/Users/evgenij/Desktop/work/APP_DEVELOPMENT/shiftrest/lib/caffeine-log/store.tsx","statementMap":{"0":{"start":{"line":15,"column":20},"end":{"line":15,"column":47}},"1":{"start":{"line":16,"column":12},"end":{"line":16,"column":34}},"2":{"start":{"line":27,"column":32},"end":{"line":27,"column":36}},"3":{"start":{"line":28,"column":15},"end":{"line":28,"column":20}},"4":{"start":{"line":31,"column":12},"end":{"line":31,"column":27}},"5":{"start":{"line":32,"column":12},"end":{"line":32,"column":53}},"6":{"start":{"line":33,"column":14},"end":{"line":33,"column":50}},"7":{"start":{"line":34,"column":2},"end":{"line":34,"column":28}},"8":{"start":{"line":38,"column":2},"end":{"line":38,"column":23}},"9":{"start":{"line":38,"column":16},"end":{"line":38,"column":23}},"10":{"start":{"line":39,"column":2},"end":{"line":50,"column":3}},"11":{"start":{"line":40,"column":16},"end":{"line":40,"column":55}},"12":{"start":{"line":41,"column":4},"end":{"line":47,"column":5}},"13":{"start":{"line":42,"column":21},"end":{"line":42,"column":48}},"14":{"start":{"line":44,"column":6},"end":{"line":46,"column":7}},"15":{"start":{"line":45,"column":8},"end":{"line":45,"column":26}},"16":{"start":{"line":51,"column":2},"end":{"line":51,"column":18}},"17":{"start":{"line":54,"column":0},"end":{"line":54,"column":15}},"18":{"start":{"line":58,"column":2},"end":{"line":61,"column":3}},"19":{"start":{"line":59,"column":4},"end":{"line":59,"column":20}},"20":{"start":{"line":60,"column":4},"end":{"line":60,"column":46}},"21":{"start":{"line":62,"column":2},"end":{"line":62,"column":18}},"22":{"start":{"line":66,"column":14},"end":{"line":66,"column":24}},"23":{"start":{"line":67,"column":16},"end":{"line":67,"column":33}},"24":{"start":{"line":68,"column":2},"end":{"line":72,"column":3}},"25":{"start":{"line":69,"column":4},"end":{"line":69,"column":70}},"26":{"start":{"line":71,"column":4},"end":{"line":71,"column":86}},"27":{"start":{"line":73,"column":2},"end":{"line":73,"column":67}},"28":{"start":{"line":74,"column":2},"end":{"line":74,"column":31}},"29":{"start":{"line":78,"column":2},"end":{"line":78,"column":18}},"30":{"start":{"line":79,"column":2},"end":{"line":79,"column":44}},"31":{"start":{"line":80,"column":2},"end":{"line":80,"column":31}},"32":{"start":{"line":84,"column":26},"end":{"line":84,"column":69}},"33":{"start":{"line":85,"column":2},"end":{"line":88,"column":9}},"34":{"start":{"line":86,"column":16},"end":{"line":86,"column":84}},"35":{"start":{"line":86,"column":58},"end":{"line":86,"column":83}},"36":{"start":{"line":87,"column":4},"end":{"line":87,"column":30}},"37":{"start":{"line":87,"column":17},"end":{"line":87,"column":29}},"38":{"start":{"line":89,"column":2},"end":{"line":89,"column":14}},"39":{"start":{"line":97,"column":14},"end":{"line":97,"column":30}},"40":{"start":{"line":98,"column":2},"end":{"line":98,"column":24}},"41":{"start":{"line":98,"column":12},"end":{"line":98,"column":24}},"42":{"start":{"line":99,"column":15},"end":{"line":99,"column":38}},"43":{"start":{"line":100,"column":17},"end":{"line":100,"column":61}},"44":{"start":{"line":103,"column":18},"end":{"line":105,"column":8}},"45":{"start":{"line":106,"column":2},"end":{"line":106,"column":35}}},"fnMap":{"0":{"name":"localDateKey","decl":{"start":{"line":30,"column":9},"end":{"line":30,"column":21}},"loc":{"start":{"line":30,"column":52},"end":{"line":35,"column":1}},"line":30},"1":{"name":"hydrate","decl":{"start":{"line":37,"column":15},"end":{"line":37,"column":22}},"loc":{"start":{"line":37,"column":40},"end":{"line":52,"column":1}},"line":37},"2":{"name":"getCaffeineLog","decl":{"start":{"line":56,"column":16},"end":{"line":56,"column":30}},"loc":{"start":{"line":56,"column":50},"end":{"line":63,"column":1}},"line":56},"3":{"name":"logCaffeine","decl":{"start":{"line":65,"column":16},"end":{"line":65,"column":27}},"loc":{"start":{"line":65,"column":36},"end":{"line":75,"column":1}},"line":65},"4":{"name":"clearCaffeineLog","decl":{"start":{"line":77,"column":16},"end":{"line":77,"column":32}},"loc":{"start":{"line":77,"column":41},"end":{"line":81,"column":1}},"line":77},"5":{"name":"useCaffeineLog","decl":{"start":{"line":83,"column":16},"end":{"line":83,"column":30}},"loc":{"start":{"line":83,"column":50},"end":{"line":90,"column":1}},"line":83},"6":{"name":"(anonymous_6)","decl":{"start":{"line":85,"column":12},"end":{"line":85,"column":13}},"loc":{"start":{"line":85,"column":18},"end":{"line":88,"column":3}},"line":85},"7":{"name":"(anonymous_7)","decl":{"start":{"line":86,"column":52},"end":{"line":86,"column":53}},"loc":{"start":{"line":86,"column":58},"end":{"line":86,"column":83}},"line":86},"8":{"name":"(anonymous_8)","decl":{"start":{"line":87,"column":11},"end":{"line":87,"column":12}},"loc":{"start":{"line":87,"column":17},"end":{"line":87,"column":29}},"line":87},"9":{"name":"caffeineCutoffFromLog","decl":{"start":{"line":96,"column":16},"end":{"line":96,"column":37}},"loc":{"start":{"line":96,"column":78},"end":{"line":107,"column":1}},"line":96}},"branchMap":{"0":{"loc":{"start":{"line":30,"column":22},"end":{"line":30,"column":42}},"type":"default-arg","locations":[{"start":{"line":30,"column":32},"end":{"line":30,"column":42}}],"line":30},"1":{"loc":{"start":{"line":38,"column":2},"end":{"line":38,"column":23}},"type":"if","locations":[{"start":{"line":38,"column":2},"end":{"line":38,"column":23}},{"start":{},"end":{}}],"line":38},"2":{"loc":{"start":{"line":41,"column":4},"end":{"line":47,"column":5}},"type":"if","locations":[{"start":{"line":41,"column":4},"end":{"line":47,"column":5}},{"start":{},"end":{}}],"line":41},"3":{"loc":{"start":{"line":44,"column":6},"end":{"line":46,"column":7}},"type":"if","locations":[{"start":{"line":44,"column":6},"end":{"line":46,"column":7}},{"start":{},"end":{}}],"line":44},"4":{"loc":{"start":{"line":58,"column":2},"end":{"line":61,"column":3}},"type":"if","locations":[{"start":{"line":58,"column":2},"end":{"line":61,"column":3}},{"start":{},"end":{}}],"line":58},"5":{"loc":{"start":{"line":58,"column":6},"end":{"line":58,"column":50}},"type":"binary-expr","locations":[{"start":{"line":58,"column":6},"end":{"line":58,"column":14}},{"start":{"line":58,"column":18},"end":{"line":58,"column":50}}],"line":58},"6":{"loc":{"start":{"line":68,"column":2},"end":{"line":72,"column":3}},"type":"if","locations":[{"start":{"line":68,"column":2},"end":{"line":72,"column":3}},{"start":{"line":70,"column":9},"end":{"line":72,"column":3}}],"line":68},"7":{"loc":{"start":{"line":68,"column":6},"end":{"line":68,"column":42}},"type":"binary-expr","locations":[{"start":{"line":68,"column":6},"end":{"line":68,"column":15}},{"start":{"line":68,"column":19},"end":{"line":68,"column":42}}],"line":68},"8":{"loc":{"start":{"line":98,"column":2},"end":{"line":98,"column":24}},"type":"if","locations":[{"start":{"line":98,"column":2},"end":{"line":98,"column":24}},{"start":{},"end":{}}],"line":98},"9":{"loc":{"start":{"line":103,"column":18},"end":{"line":105,"column":8}},"type":"cond-expr","locations":[{"start":{"line":104,"column":6},"end":{"line":104,"column":26}},{"start":{"line":105,"column":6},"end":{"line":105,"column":8}}],"line":103}},"s":{"0":1,"1":1,"2":1,"3":1,"4":20,"5":20,"6":20,"7":20,"8":1,"9":0,"10":1,"11":1,"12":1,"13":0,"14":0,"15":0,"16":1,"17":1,"18":12,"19":0,"20":0,"21":12,"22":11,"23":11,"24":11,"25":8,"26":3,"27":11,"28":11,"29":11,"30":11,"31":11,"32":0,"33":0,"34":0,"35":0,"36":0,"37":0,"38":0,"39":5,"40":5,"41":2,"42":3,"43":3,"44":3,"45":3},"f":{"0":20,"1":1,"2":12,"3":11,"4":11,"5":0,"6":0,"7":0,"8":0,"9":5},"b":{"0":[9],"1":[0,1],"2":[0,1],"3":[0,0],"4":[0,12],"5":[12,9],"6":[8,3],"7":[11,3],"8":[2,3],"9":[1,2]},"_coverageSchema":"1a1c01bbd47fc00a2c39e90264f33305004495a9","hash":"04f8ae01c051fcd5cd2cf8d8a73e0c57f1836b67"}
,"/Users/evgenij/Desktop/work/APP_DEVELOPMENT/shiftrest/lib/calendar-import/parse.ts": {"path":"/Users/evgenij/Desktop/work/APP_DEVELOPMENT/shiftrest/lib/calendar-import/parse.ts","statementMap":{"0":{"start":{"line":20,"column":2},"end":{"line":20,"column":40}},"1":{"start":{"line":26,"column":2},"end":{"line":31,"column":3}},"2":{"start":{"line":27,"column":4},"end":{"line":30,"column":6}},"3":{"start":{"line":33,"column":21},"end":{"line":33,"column":79}},"4":{"start":{"line":34,"column":2},"end":{"line":39,"column":3}},"5":{"start":{"line":35,"column":4},"end":{"line":38,"column":6}},"6":{"start":{"line":41,"column":19},"end":{"line":41,"column":78}},"7":{"start":{"line":42,"column":2},"end":{"line":58,"column":3}},"8":{"start":{"line":43,"column":20},"end":{"line":51,"column":5}},"9":{"start":{"line":52,"column":14},"end":{"line":52,"column":35}},"10":{"start":{"line":53,"column":14},"end":{"line":53,"column":61}},"11":{"start":{"line":54,"column":14},"end":{"line":54,"column":56}},"12":{"start":{"line":55,"column":15},"end":{"line":55,"column":58}},"13":{"start":{"line":56,"column":15},"end":{"line":56,"column":60}},"14":{"start":{"line":57,"column":4},"end":{"line":57,"column":59}},"15":{"start":{"line":59,"column":2},"end":{"line":59,"column":34}},"16":{"start":{"line":67,"column":12},"end":{"line":67,"column":33}},"17":{"start":{"line":68,"column":17},"end":{"line":68,"column":83}},"18":{"start":{"line":68,"column":49},"end":{"line":68,"column":83}},"19":{"start":{"line":68,"column":69},"end":{"line":68,"column":82}},"20":{"start":{"line":69,"column":2},"end":{"line":69,"column":82}},"21":{"start":{"line":69,"column":67},"end":{"line":69,"column":82}},"22":{"start":{"line":70,"column":2},"end":{"line":70,"column":87}},"23":{"start":{"line":70,"column":74},"end":{"line":70,"column":87}},"24":{"start":{"line":71,"column":2},"end":{"line":71,"column":82}},"25":{"start":{"line":71,"column":69},"end":{"line":71,"column":82}},"26":{"start":{"line":72,"column":2},"end":{"line":72,"column":15}},"27":{"start":{"line":76,"column":19},"end":{"line":76,"column":30}},"28":{"start":{"line":77,"column":16},"end":{"line":77,"column":39}},"29":{"start":{"line":78,"column":29},"end":{"line":78,"column":31}},"30":{"start":{"line":79,"column":74},"end":{"line":79,"column":76}},"31":{"start":{"line":80,"column":16},"end":{"line":80,"column":21}},"32":{"start":{"line":82,"column":2},"end":{"line":117,"column":3}},"33":{"start":{"line":83,"column":4},"end":{"line":87,"column":5}},"34":{"start":{"line":84,"column":6},"end":{"line":84,"column":21}},"35":{"start":{"line":85,"column":6},"end":{"line":85,"column":19}},"36":{"start":{"line":86,"column":6},"end":{"line":86,"column":15}},"37":{"start":{"line":88,"column":4},"end":{"line":104,"column":5}},"38":{"start":{"line":89,"column":6},"end":{"line":89,"column":22}},"39":{"start":{"line":90,"column":6},"end":{"line":102,"column":7}},"40":{"start":{"line":91,"column":22},"end":{"line":91,"column":57}},"41":{"start":{"line":92,"column":20},"end":{"line":92,"column":96}},"42":{"start":{"line":93,"column":8},"end":{"line":101,"column":9}},"43":{"start":{"line":94,"column":10},"end":{"line":100,"column":13}},"44":{"start":{"line":103,"column":6},"end":{"line":103,"column":15}},"45":{"start":{"line":105,"column":4},"end":{"line":105,"column":27}},"46":{"start":{"line":105,"column":18},"end":{"line":105,"column":27}},"47":{"start":{"line":108,"column":18},"end":{"line":108,"column":35}},"48":{"start":{"line":109,"column":4},"end":{"line":109,"column":28}},"49":{"start":{"line":109,"column":19},"end":{"line":109,"column":28}},"50":{"start":{"line":110,"column":16},"end":{"line":110,"column":36}},"51":{"start":{"line":111,"column":18},"end":{"line":111,"column":39}},"52":{"start":{"line":112,"column":21},"end":{"line":112,"column":38}},"53":{"start":{"line":114,"column":4},"end":{"line":116,"column":61}},"54":{"start":{"line":114,"column":32},"end":{"line":114,"column":56}},"55":{"start":{"line":115,"column":9},"end":{"line":116,"column":61}},"56":{"start":{"line":115,"column":35},"end":{"line":115,"column":57}},"57":{"start":{"line":116,"column":9},"end":{"line":116,"column":61}},"58":{"start":{"line":116,"column":37},"end":{"line":116,"column":61}},"59":{"start":{"line":119,"column":2},"end":{"line":119,"column":16}}},"fnMap":{"0":{"name":"unfold","decl":{"start":{"line":19,"column":9},"end":{"line":19,"column":15}},"loc":{"start":{"line":19,"column":37},"end":{"line":21,"column":1}},"line":19},"1":{"name":"parseDateTimeValue","decl":{"start":{"line":24,"column":9},"end":{"line":24,"column":27}},"loc":{"start":{"line":24,"column":82},"end":{"line":60,"column":1}},"line":24},"2":{"name":"classifyShiftType","decl":{"start":{"line":63,"column":16},"end":{"line":63,"column":33}},"loc":{"start":{"line":63,"column":76},"end":{"line":73,"column":1}},"line":63},"3":{"name":"(anonymous_3)","decl":{"start":{"line":68,"column":17},"end":{"line":68,"column":18}},"loc":{"start":{"line":68,"column":49},"end":{"line":68,"column":83}},"line":68},"4":{"name":"(anonymous_4)","decl":{"start":{"line":68,"column":62},"end":{"line":68,"column":63}},"loc":{"start":{"line":68,"column":69},"end":{"line":68,"column":82}},"line":68},"5":{"name":"parseIcs","decl":{"start":{"line":75,"column":16},"end":{"line":75,"column":24}},"loc":{"start":{"line":75,"column":50},"end":{"line":120,"column":1}},"line":75}},"branchMap":{"0":{"loc":{"start":{"line":26,"column":2},"end":{"line":31,"column":3}},"type":"if","locations":[{"start":{"line":26,"column":2},"end":{"line":31,"column":3}},{"start":{},"end":{}}],"line":26},"1":{"loc":{"start":{"line":34,"column":2},"end":{"line":39,"column":3}},"type":"if","locations":[{"start":{"line":34,"column":2},"end":{"line":39,"column":3}},{"start":{},"end":{}}],"line":34},"2":{"loc":{"start":{"line":42,"column":2},"end":{"line":58,"column":3}},"type":"if","locations":[{"start":{"line":42,"column":2},"end":{"line":58,"column":3}},{"start":{},"end":{}}],"line":42},"3":{"loc":{"start":{"line":69,"column":2},"end":{"line":69,"column":82}},"type":"if","locations":[{"start":{"line":69,"column":2},"end":{"line":69,"column":82}},{"start":{},"end":{}}],"line":69},"4":{"loc":{"start":{"line":70,"column":2},"end":{"line":70,"column":87}},"type":"if","locations":[{"start":{"line":70,"column":2},"end":{"line":70,"column":87}},{"start":{},"end":{}}],"line":70},"5":{"loc":{"start":{"line":71,"column":2},"end":{"line":71,"column":82}},"type":"if","locations":[{"start":{"line":71,"column":2},"end":{"line":71,"column":82}},{"start":{},"end":{}}],"line":71},"6":{"loc":{"start":{"line":83,"column":4},"end":{"line":87,"column":5}},"type":"if","locations":[{"start":{"line":83,"column":4},"end":{"line":87,"column":5}},{"start":{},"end":{}}],"line":83},"7":{"loc":{"start":{"line":88,"column":4},"end":{"line":104,"column":5}},"type":"if","locations":[{"start":{"line":88,"column":4},"end":{"line":104,"column":5}},{"start":{},"end":{}}],"line":88},"8":{"loc":{"start":{"line":90,"column":6},"end":{"line":102,"column":7}},"type":"if","locations":[{"start":{"line":90,"column":6},"end":{"line":102,"column":7}},{"start":{},"end":{}}],"line":90},"9":{"loc":{"start":{"line":92,"column":20},"end":{"line":92,"column":96}},"type":"cond-expr","locations":[{"start":{"line":92,"column":36},"end":{"line":92,"column":69}},{"start":{"line":92,"column":72},"end":{"line":92,"column":96}}],"line":92},"10":{"loc":{"start":{"line":93,"column":8},"end":{"line":101,"column":9}},"type":"if","locations":[{"start":{"line":93,"column":8},"end":{"line":101,"column":9}},{"start":{},"end":{}}],"line":93},"11":{"loc":{"start":{"line":98,"column":21},"end":{"line":98,"column":42}},"type":"binary-expr","locations":[{"start":{"line":98,"column":21},"end":{"line":98,"column":36}},{"start":{"line":98,"column":40},"end":{"line":98,"column":42}}],"line":98},"12":{"loc":{"start":{"line":99,"column":41},"end":{"line":99,"column":62}},"type":"binary-expr","locations":[{"start":{"line":99,"column":41},"end":{"line":99,"column":56}},{"start":{"line":99,"column":60},"end":{"line":99,"column":62}}],"line":99},"13":{"loc":{"start":{"line":105,"column":4},"end":{"line":105,"column":27}},"type":"if","locations":[{"start":{"line":105,"column":4},"end":{"line":105,"column":27}},{"start":{},"end":{}}],"line":105},"14":{"loc":{"start":{"line":109,"column":4},"end":{"line":109,"column":28}},"type":"if","locations":[{"start":{"line":109,"column":4},"end":{"line":109,"column":28}},{"start":{},"end":{}}],"line":109},"15":{"loc":{"start":{"line":114,"column":4},"end":{"line":116,"column":61}},"type":"if","locations":[{"start":{"line":114,"column":4},"end":{"line":116,"column":61}},{"start":{"line":115,"column":9},"end":{"line":116,"column":61}}],"line":114},"16":{"loc":{"start":{"line":115,"column":9},"end":{"line":116,"column":61}},"type":"if","locations":[{"start":{"line":115,"column":9},"end":{"line":116,"column":61}},{"start":{"line":116,"column":9},"end":{"line":116,"column":61}}],"line":115},"17":{"loc":{"start":{"line":116,"column":9},"end":{"line":116,"column":61}},"type":"if","locations":[{"start":{"line":116,"column":9},"end":{"line":116,"column":61}},{"start":{},"end":{}}],"line":116}},"s":{"0":13,"1":15,"2":2,"3":13,"4":13,"5":10,"6":3,"7":3,"8":2,"9":2,"10":2,"11":2,"12":2,"13":2,"14":2,"15":1,"16":21,"17":21,"18":46,"19":186,"20":21,"21":6,"22":15,"23":5,"24":10,"25":9,"26":1,"27":13,"28":13,"29":13,"30":13,"31":13,"32":13,"33":65,"34":13,"35":13,"36":13,"37":52,"38":13,"39":13,"40":12,"41":12,"42":12,"43":11,"44":13,"45":39,"46":10,"47":29,"48":29,"49":1,"50":28,"51":28,"52":28,"53":28,"54":12,"55":16,"56":3,"57":13,"58":13,"59":13},"f":{"0":13,"1":15,"2":21,"3":46,"4":186,"5":13},"b":{"0":[2,13],"1":[10,3],"2":[2,1],"3":[6,15],"4":[5,10],"5":[9,1],"6":[13,52],"7":[13,39],"8":[12,1],"9":[3,9],"10":[11,1],"11":[11,0],"12":[11,0],"13":[10,29],"14":[1,28],"15":[12,16],"16":[3,13],"17":[13,0]},"_coverageSchema":"1a1c01bbd47fc00a2c39e90264f33305004495a9","hash":"183b15d742cb03aefea63a0160d8bb6db4dd88f2"}
,"/Users/evgenij/Desktop/work/APP_DEVELOPMENT/shiftrest/lib/i18n/index.ts": {"path":"/Users/evgenij/Desktop/work/APP_DEVELOPMENT/shiftrest/lib/i18n/index.ts","statementMap":{"0":{"start":{"line":28,"column":43},"end":{"line":28,"column":45}},"1":{"start":{"line":30,"column":13},"end":{"line":53,"column":2}},"2":{"start":{"line":55,"column":0},"end":{"line":55,"column":27}},"3":{"start":{"line":56,"column":0},"end":{"line":56,"column":26}},"4":{"start":{"line":59,"column":2},"end":{"line":64,"column":3}},"5":{"start":{"line":60,"column":20},"end":{"line":60,"column":45}},"6":{"start":{"line":61,"column":4},"end":{"line":61,"column":43}},"7":{"start":{"line":63,"column":4},"end":{"line":63,"column":16}},"8":{"start":{"line":67,"column":0},"end":{"line":67,"column":52}},"9":{"start":{"line":69,"column":0},"end":{"line":72,"column":1}},"10":{"start":{"line":71,"column":2},"end":{"line":71,"column":84}},"11":{"start":{"line":74,"column":17},"end":{"line":75,"column":29}},"12":{"start":{"line":75,"column":2},"end":{"line":75,"column":29}}},"fnMap":{"0":{"name":"deviceLocale","decl":{"start":{"line":58,"column":9},"end":{"line":58,"column":21}},"loc":{"start":{"line":58,"column":32},"end":{"line":65,"column":1}},"line":58},"1":{"name":"(anonymous_1)","decl":{"start":{"line":74,"column":17},"end":{"line":74,"column":18}},"loc":{"start":{"line":75,"column":2},"end":{"line":75,"column":29}},"line":75}},"branchMap":{"0":{"loc":{"start":{"line":61,"column":11},"end":{"line":61,"column":42}},"type":"binary-expr","locations":[{"start":{"line":61,"column":11},"end":{"line":61,"column":34}},{"start":{"line":61,"column":38},"end":{"line":61,"column":42}}],"line":61},"1":{"loc":{"start":{"line":67,"column":14},"end":{"line":67,"column":51}},"type":"binary-expr","locations":[{"start":{"line":67,"column":14},"end":{"line":67,"column":33}},{"start":{"line":67,"column":37},"end":{"line":67,"column":51}}],"line":67},"2":{"loc":{"start":{"line":69,"column":0},"end":{"line":72,"column":1}},"type":"if","locations":[{"start":{"line":69,"column":0},"end":{"line":72,"column":1}},{"start":{},"end":{}}],"line":69}},"s":{"0":3,"1":3,"2":3,"3":3,"4":3,"5":3,"6":3,"7":0,"8":3,"9":3,"10":3,"11":3,"12":154},"f":{"0":3,"1":154},"b":{"0":[3,0],"1":[3,3],"2":[3,0]},"_coverageSchema":"1a1c01bbd47fc00a2c39e90264f33305004495a9","hash":"2aeb9a44f1495dbfdf2b7d9c3e9047386d91aa1e"}
,"/Users/evgenij/Desktop/work/APP_DEVELOPMENT/shiftrest/lib/i18n/locales/de-DE.ts": {"path":"/Users/evgenij/Desktop/work/APP_DEVELOPMENT/shiftrest/lib/i18n/locales/de-DE.ts","statementMap":{"0":{"start":{"line":1,"column":13},"end":{"line":787,"column":1}}},"fnMap":{},"branchMap":{},"s":{"0":3},"f":{},"b":{},"_coverageSchema":"1a1c01bbd47fc00a2c39e90264f33305004495a9","hash":"ac1ae82494035f4f5053da5a64543f5fc9fa92fe"}
,"/Users/evgenij/Desktop/work/APP_DEVELOPMENT/shiftrest/lib/i18n/locales/en.ts": {"path":"/Users/evgenij/Desktop/work/APP_DEVELOPMENT/shiftrest/lib/i18n/locales/en.ts","statementMap":{"0":{"start":{"line":4,"column":11},"end":{"line":871,"column":1}}},"fnMap":{},"branchMap":{},"s":{"0":3},"f":{},"b":{},"_coverageSchema":"1a1c01bbd47fc00a2c39e90264f33305004495a9","hash":"a232e99cf24b58f1eedf80dd2e0776f0e5f9d505"}
,"/Users/evgenij/Desktop/work/APP_DEVELOPMENT/shiftrest/lib/i18n/locales/es-ES.ts": {"path":"/Users/evgenij/Desktop/work/APP_DEVELOPMENT/shiftrest/lib/i18n/locales/es-ES.ts","statementMap":{"0":{"start":{"line":1,"column":13},"end":{"line":787,"column":1}}},"fnMap":{},"branchMap":{},"s":{"0":3},"f":{},"b":{},"_coverageSchema":"1a1c01bbd47fc00a2c39e90264f33305004495a9","hash":"4212ea26c0d18ee7dccb8effac936e742995b653"}
,"/Users/evgenij/Desktop/work/APP_DEVELOPMENT/shiftrest/lib/i18n/locales/fr-FR.ts": {"path":"/Users/evgenij/Desktop/work/APP_DEVELOPMENT/shiftrest/lib/i18n/locales/fr-FR.ts","statementMap":{"0":{"start":{"line":1,"column":13},"end":{"line":787,"column":1}}},"fnMap":{},"branchMap":{},"s":{"0":3},"f":{},"b":{},"_coverageSchema":"1a1c01bbd47fc00a2c39e90264f33305004495a9","hash":"6f18ec051e255c5611ea8db2c66e6239dbc4338e"}
,"/Users/evgenij/Desktop/work/APP_DEVELOPMENT/shiftrest/lib/i18n/locales/it-IT.ts": {"path":"/Users/evgenij/Desktop/work/APP_DEVELOPMENT/shiftrest/lib/i18n/locales/it-IT.ts","statementMap":{"0":{"start":{"line":1,"column":13},"end":{"line":786,"column":1}}},"fnMap":{},"branchMap":{},"s":{"0":3},"f":{},"b":{},"_coverageSchema":"1a1c01bbd47fc00a2c39e90264f33305004495a9","hash":"b9b29e1f9b3acf6fd0c9bf74eeb9e97a94cd5536"}
,"/Users/evgenij/Desktop/work/APP_DEVELOPMENT/shiftrest/lib/i18n/locales/ja.ts": {"path":"/Users/evgenij/Desktop/work/APP_DEVELOPMENT/shiftrest/lib/i18n/locales/ja.ts","statementMap":{"0":{"start":{"line":1,"column":11},"end":{"line":786,"column":1}}},"fnMap":{},"branchMap":{},"s":{"0":3},"f":{},"b":{},"_coverageSchema":"1a1c01bbd47fc00a2c39e90264f33305004495a9","hash":"8cbd117482207a4093a7fbe3c2173646583b3745"}
,"/Users/evgenij/Desktop/work/APP_DEVELOPMENT/shiftrest/lib/i18n/locales/ko.ts": {"path":"/Users/evgenij/Desktop/work/APP_DEVELOPMENT/shiftrest/lib/i18n/locales/ko.ts","statementMap":{"0":{"start":{"line":1,"column":11},"end":{"line":786,"column":1}}},"fnMap":{},"branchMap":{},"s":{"0":3},"f":{},"b":{},"_coverageSchema":"1a1c01bbd47fc00a2c39e90264f33305004495a9","hash":"eaa49a8a6db00b1b552a7634bf0f127d6e2ac944"}
,"/Users/evgenij/Desktop/work/APP_DEVELOPMENT/shiftrest/lib/i18n/locales/nl-NL.ts": {"path":"/Users/evgenij/Desktop/work/APP_DEVELOPMENT/shiftrest/lib/i18n/locales/nl-NL.ts","statementMap":{"0":{"start":{"line":1,"column":13},"end":{"line":787,"column":1}}},"fnMap":{},"branchMap":{},"s":{"0":3},"f":{},"b":{},"_coverageSchema":"1a1c01bbd47fc00a2c39e90264f33305004495a9","hash":"225b6687d78485f72313dfab37384cda7ab414ea"}
,"/Users/evgenij/Desktop/work/APP_DEVELOPMENT/shiftrest/lib/i18n/locales/pt-BR.ts": {"path":"/Users/evgenij/Desktop/work/APP_DEVELOPMENT/shiftrest/lib/i18n/locales/pt-BR.ts","statementMap":{"0":{"start":{"line":1,"column":13},"end":{"line":786,"column":1}}},"fnMap":{},"branchMap":{},"s":{"0":3},"f":{},"b":{},"_coverageSchema":"1a1c01bbd47fc00a2c39e90264f33305004495a9","hash":"6d2f8101fe8d0405b98eebc7e5284ebdea4c72b2"}
,"/Users/evgenij/Desktop/work/APP_DEVELOPMENT/shiftrest/lib/i18n/locales/sv.ts": {"path":"/Users/evgenij/Desktop/work/APP_DEVELOPMENT/shiftrest/lib/i18n/locales/sv.ts","statementMap":{"0":{"start":{"line":1,"column":11},"end":{"line":786,"column":1}}},"fnMap":{},"branchMap":{},"s":{"0":3},"f":{},"b":{},"_coverageSchema":"1a1c01bbd47fc00a2c39e90264f33305004495a9","hash":"5fdc47470a834635bd69fc88cc3de65e4d22c11f"}
,"/Users/evgenij/Desktop/work/APP_DEVELOPMENT/shiftrest/lib/i18n/locales/zh-Hant.ts": {"path":"/Users/evgenij/Desktop/work/APP_DEVELOPMENT/shiftrest/lib/i18n/locales/zh-Hant.ts","statementMap":{"0":{"start":{"line":1,"column":15},"end":{"line":785,"column":1}}},"fnMap":{},"branchMap":{},"s":{"0":3},"f":{},"b":{},"_coverageSchema":"1a1c01bbd47fc00a2c39e90264f33305004495a9","hash":"069270c4938ef5bcb954774a8357b4c45fe165c3"}
,"/Users/evgenij/Desktop/work/APP_DEVELOPMENT/shiftrest/lib/local-shifts/store.tsx": {"path":"/Users/evgenij/Desktop/work/APP_DEVELOPMENT/shiftrest/lib/local-shifts/store.tsx","statementMap":{"0":{"start":{"line":19,"column":20},"end":{"line":19,"column":47}},"1":{"start":{"line":21,"column":30},"end":{"line":21,"column":32}},"2":{"start":{"line":22,"column":15},"end":{"line":22,"column":20}},"3":{"start":{"line":23,"column":45},"end":{"line":23,"column":49}},"4":{"start":{"line":26,"column":2},"end":{"line":26,"column":23}},"5":{"start":{"line":26,"column":16},"end":{"line":26,"column":23}},"6":{"start":{"line":27,"column":2},"end":{"line":27,"column":48}},"7":{"start":{"line":27,"column":24},"end":{"line":27,"column":48}},"8":{"start":{"line":28,"column":2},"end":{"line":36,"column":7}},"9":{"start":{"line":29,"column":4},"end":{"line":34,"column":5}},"10":{"start":{"line":30,"column":18},"end":{"line":30,"column":57}},"11":{"start":{"line":31,"column":6},"end":{"line":31,"column":59}},"12":{"start":{"line":31,"column":15},"end":{"line":31,"column":59}},"13":{"start":{"line":35,"column":4},"end":{"line":35,"column":20}},"14":{"start":{"line":37,"column":2},"end":{"line":37,"column":26}},"15":{"start":{"line":40,"column":0},"end":{"line":40,"column":15}},"16":{"start":{"line":43,"column":2},"end":{"line":43,"column":18}},"17":{"start":{"line":47,"column":2},"end":{"line":47,"column":42}},"18":{"start":{"line":48,"column":2},"end":{"line":48,"column":67}},"19":{"start":{"line":49,"column":2},"end":{"line":49,"column":35}},"20":{"start":{"line":53,"column":2},"end":{"line":53,"column":16}},"21":{"start":{"line":54,"column":2},"end":{"line":54,"column":44}},"22":{"start":{"line":55,"column":2},"end":{"line":55,"column":35}},"23":{"start":{"line":60,"column":2},"end":{"line":60,"column":33}},"24":{"start":{"line":60,"column":26},"end":{"line":60,"column":33}},"25":{"start":{"line":61,"column":15},"end":{"line":61,"column":30}},"26":{"start":{"line":62,"column":2},"end":{"line":62,"column":19}},"27":{"start":{"line":63,"column":2},"end":{"line":63,"column":18}},"28":{"start":{"line":64,"column":2},"end":{"line":64,"column":67}},"29":{"start":{"line":65,"column":2},"end":{"line":65,"column":35}},"30":{"start":{"line":73,"column":34},"end":{"line":73,"column":67}},"31":{"start":{"line":75,"column":2},"end":{"line":89,"column":9}},"32":{"start":{"line":76,"column":17},"end":{"line":76,"column":21}},"33":{"start":{"line":77,"column":4},"end":{"line":79,"column":7}},"34":{"start":{"line":78,"column":6},"end":{"line":78,"column":47}},"35":{"start":{"line":78,"column":18},"end":{"line":78,"column":47}},"36":{"start":{"line":81,"column":16},"end":{"line":83,"column":6}},"37":{"start":{"line":82,"column":6},"end":{"line":82,"column":47}},"38":{"start":{"line":82,"column":18},"end":{"line":82,"column":47}},"39":{"start":{"line":85,"column":4},"end":{"line":88,"column":6}},"40":{"start":{"line":86,"column":6},"end":{"line":86,"column":21}},"41":{"start":{"line":87,"column":6},"end":{"line":87,"column":19}},"42":{"start":{"line":91,"column":2},"end":{"line":91,"column":18}}},"fnMap":{"0":{"name":"hydrate","decl":{"start":{"line":25,"column":15},"end":{"line":25,"column":22}},"loc":{"start":{"line":25,"column":40},"end":{"line":38,"column":1}},"line":25},"1":{"name":"(anonymous_1)","decl":{"start":{"line":28,"column":22},"end":{"line":28,"column":23}},"loc":{"start":{"line":28,"column":34},"end":{"line":36,"column":3}},"line":28},"2":{"name":"getLocalShifts","decl":{"start":{"line":42,"column":16},"end":{"line":42,"column":30}},"loc":{"start":{"line":42,"column":48},"end":{"line":44,"column":1}},"line":42},"3":{"name":"setLocalShift","decl":{"start":{"line":46,"column":16},"end":{"line":46,"column":29}},"loc":{"start":{"line":46,"column":71},"end":{"line":50,"column":1}},"line":46},"4":{"name":"clearLocalShifts","decl":{"start":{"line":52,"column":16},"end":{"line":52,"column":32}},"loc":{"start":{"line":52,"column":41},"end":{"line":56,"column":1}},"line":52},"5":{"name":"removeLocalShift","decl":{"start":{"line":59,"column":16},"end":{"line":59,"column":32}},"loc":{"start":{"line":59,"column":52},"end":{"line":66,"column":1}},"line":59},"6":{"name":"useLocalShifts","decl":{"start":{"line":72,"column":16},"end":{"line":72,"column":30}},"loc":{"start":{"line":72,"column":48},"end":{"line":92,"column":1}},"line":72},"7":{"name":"(anonymous_7)","decl":{"start":{"line":75,"column":12},"end":{"line":75,"column":13}},"loc":{"start":{"line":75,"column":18},"end":{"line":89,"column":3}},"line":75},"8":{"name":"(anonymous_8)","decl":{"start":{"line":77,"column":24},"end":{"line":77,"column":25}},"loc":{"start":{"line":77,"column":30},"end":{"line":79,"column":5}},"line":77},"9":{"name":"(anonymous_9)","decl":{"start":{"line":81,"column":69},"end":{"line":81,"column":70}},"loc":{"start":{"line":81,"column":75},"end":{"line":83,"column":5}},"line":81},"10":{"name":"(anonymous_10)","decl":{"start":{"line":85,"column":11},"end":{"line":85,"column":12}},"loc":{"start":{"line":85,"column":17},"end":{"line":88,"column":5}},"line":85}},"branchMap":{"0":{"loc":{"start":{"line":26,"column":2},"end":{"line":26,"column":23}},"type":"if","locations":[{"start":{"line":26,"column":2},"end":{"line":26,"column":23}},{"start":{},"end":{}}],"line":26},"1":{"loc":{"start":{"line":27,"column":2},"end":{"line":27,"column":48}},"type":"if","locations":[{"start":{"line":27,"column":2},"end":{"line":27,"column":48}},{"start":{},"end":{}}],"line":27},"2":{"loc":{"start":{"line":31,"column":6},"end":{"line":31,"column":59}},"type":"if","locations":[{"start":{"line":31,"column":6},"end":{"line":31,"column":59}},{"start":{},"end":{}}],"line":31},"3":{"loc":{"start":{"line":60,"column":2},"end":{"line":60,"column":33}},"type":"if","locations":[{"start":{"line":60,"column":2},"end":{"line":60,"column":33}},{"start":{},"end":{}}],"line":60},"4":{"loc":{"start":{"line":78,"column":6},"end":{"line":78,"column":47}},"type":"if","locations":[{"start":{"line":78,"column":6},"end":{"line":78,"column":47}},{"start":{},"end":{}}],"line":78},"5":{"loc":{"start":{"line":82,"column":6},"end":{"line":82,"column":47}},"type":"if","locations":[{"start":{"line":82,"column":6},"end":{"line":82,"column":47}},{"start":{},"end":{}}],"line":82}},"s":{"0":3,"1":3,"2":3,"3":3,"4":3,"5":0,"6":3,"7":0,"8":3,"9":3,"10":3,"11":3,"12":0,"13":3,"14":3,"15":3,"16":12,"17":183,"18":183,"19":183,"20":14,"21":14,"22":14,"23":2,"24":1,"25":1,"26":1,"27":1,"28":1,"29":1,"30":0,"31":0,"32":0,"33":0,"34":0,"35":0,"36":0,"37":0,"38":0,"39":0,"40":0,"41":0,"42":0},"f":{"0":3,"1":3,"2":12,"3":183,"4":14,"5":2,"6":0,"7":0,"8":0,"9":0,"10":0},"b":{"0":[0,3],"1":[0,3],"2":[0,3],"3":[1,1],"4":[0,0],"5":[0,0]},"_coverageSchema":"1a1c01bbd47fc00a2c39e90264f33305004495a9","hash":"bade71aedddf66e03d89e4da733b7203906b2172"}
,"/Users/evgenij/Desktop/work/APP_DEVELOPMENT/shiftrest/lib/local-transition/store.tsx": {"path":"/Users/evgenij/Desktop/work/APP_DEVELOPMENT/shiftrest/lib/local-transition/store.tsx","statementMap":{"0":{"start":{"line":13,"column":12},"end":{"line":13,"column":48}},"1":{"start":{"line":14,"column":20},"end":{"line":14,"column":51}},"2":{"start":{"line":16,"column":45},"end":{"line":16,"column":49}},"3":{"start":{"line":17,"column":15},"end":{"line":17,"column":20}},"4":{"start":{"line":20,"column":2},"end":{"line":20,"column":23}},"5":{"start":{"line":20,"column":16},"end":{"line":20,"column":23}},"6":{"start":{"line":21,"column":2},"end":{"line":26,"column":3}},"7":{"start":{"line":22,"column":16},"end":{"line":22,"column":55}},"8":{"start":{"line":23,"column":4},"end":{"line":23,"column":65}},"9":{"start":{"line":23,"column":13},"end":{"line":23,"column":65}},"10":{"start":{"line":27,"column":2},"end":{"line":27,"column":18}},"11":{"start":{"line":30,"column":2},"end":{"line":30,"column":31}},"12":{"start":{"line":33,"column":0},"end":{"line":33,"column":15}},"13":{"start":{"line":36,"column":2},"end":{"line":40,"column":3}},"14":{"start":{"line":37,"column":4},"end":{"line":37,"column":67}},"15":{"start":{"line":39,"column":4},"end":{"line":39,"column":46}},"16":{"start":{"line":44,"column":2},"end":{"line":44,"column":16}},"17":{"start":{"line":45,"column":2},"end":{"line":45,"column":12}},"18":{"start":{"line":46,"column":2},"end":{"line":46,"column":31}},"19":{"start":{"line":50,"column":2},"end":{"line":50,"column":16}},"20":{"start":{"line":51,"column":2},"end":{"line":51,"column":12}},"21":{"start":{"line":52,"column":2},"end":{"line":52,"column":31}},"22":{"start":{"line":56,"column":26},"end":{"line":56,"column":74}},"23":{"start":{"line":57,"column":2},"end":{"line":62,"column":9}},"24":{"start":{"line":59,"column":4},"end":{"line":59,"column":20}},"25":{"start":{"line":60,"column":16},"end":{"line":60,"column":74}},"26":{"start":{"line":60,"column":58},"end":{"line":60,"column":73}},"27":{"start":{"line":61,"column":4},"end":{"line":61,"column":30}},"28":{"start":{"line":61,"column":17},"end":{"line":61,"column":29}},"29":{"start":{"line":63,"column":2},"end":{"line":63,"column":14}},"30":{"start":{"line":68,"column":2},"end":{"line":68,"column":22}},"31":{"start":{"line":68,"column":15},"end":{"line":68,"column":22}},"32":{"start":{"line":69,"column":36},"end":{"line":71,"column":3}},"33":{"start":{"line":70,"column":4},"end":{"line":70,"column":65}},"34":{"start":{"line":72,"column":20},"end":{"line":72,"column":61}},"35":{"start":{"line":72,"column":39},"end":{"line":72,"column":53}},"36":{"start":{"line":73,"column":2},"end":{"line":73,"column":66}},"37":{"start":{"line":74,"column":2},"end":{"line":74,"column":12}},"38":{"start":{"line":75,"column":2},"end":{"line":75,"column":31}}},"fnMap":{"0":{"name":"hydrate","decl":{"start":{"line":19,"column":15},"end":{"line":19,"column":22}},"loc":{"start":{"line":19,"column":40},"end":{"line":31,"column":1}},"line":19},"1":{"name":"persist","decl":{"start":{"line":35,"column":9},"end":{"line":35,"column":16}},"loc":{"start":{"line":35,"column":19},"end":{"line":41,"column":1}},"line":35},"2":{"name":"setLocalTransitionPlan","decl":{"start":{"line":43,"column":16},"end":{"line":43,"column":38}},"loc":{"start":{"line":43,"column":76},"end":{"line":47,"column":1}},"line":43},"3":{"name":"clearLocalTransitionPlan","decl":{"start":{"line":49,"column":16},"end":{"line":49,"column":40}},"loc":{"start":{"line":49,"column":49},"end":{"line":53,"column":1}},"line":49},"4":{"name":"useLocalTransitionPlan","decl":{"start":{"line":55,"column":16},"end":{"line":55,"column":38}},"loc":{"start":{"line":55,"column":73},"end":{"line":64,"column":1}},"line":55},"5":{"name":"(anonymous_5)","decl":{"start":{"line":57,"column":12},"end":{"line":57,"column":13}},"loc":{"start":{"line":57,"column":18},"end":{"line":62,"column":3}},"line":57},"6":{"name":"(anonymous_6)","decl":{"start":{"line":60,"column":52},"end":{"line":60,"column":53}},"loc":{"start":{"line":60,"column":58},"end":{"line":60,"column":73}},"line":60},"7":{"name":"(anonymous_7)","decl":{"start":{"line":61,"column":11},"end":{"line":61,"column":12}},"loc":{"start":{"line":61,"column":17},"end":{"line":61,"column":29}},"line":61},"8":{"name":"toggleLocalTransitionStep","decl":{"start":{"line":67,"column":16},"end":{"line":67,"column":41}},"loc":{"start":{"line":67,"column":64},"end":{"line":76,"column":1}},"line":67},"9":{"name":"(anonymous_9)","decl":{"start":{"line":69,"column":53},"end":{"line":69,"column":54}},"loc":{"start":{"line":70,"column":4},"end":{"line":70,"column":65}},"line":70},"10":{"name":"(anonymous_10)","decl":{"start":{"line":72,"column":32},"end":{"line":72,"column":33}},"loc":{"start":{"line":72,"column":39},"end":{"line":72,"column":53}},"line":72}},"branchMap":{"0":{"loc":{"start":{"line":20,"column":2},"end":{"line":20,"column":23}},"type":"if","locations":[{"start":{"line":20,"column":2},"end":{"line":20,"column":23}},{"start":{},"end":{}}],"line":20},"1":{"loc":{"start":{"line":23,"column":4},"end":{"line":23,"column":65}},"type":"if","locations":[{"start":{"line":23,"column":4},"end":{"line":23,"column":65}},{"start":{},"end":{}}],"line":23},"2":{"loc":{"start":{"line":36,"column":2},"end":{"line":40,"column":3}},"type":"if","locations":[{"start":{"line":36,"column":2},"end":{"line":40,"column":3}},{"start":{"line":38,"column":9},"end":{"line":40,"column":3}}],"line":36},"3":{"loc":{"start":{"line":68,"column":2},"end":{"line":68,"column":22}},"type":"if","locations":[{"start":{"line":68,"column":2},"end":{"line":68,"column":22}},{"start":{},"end":{}}],"line":68},"4":{"loc":{"start":{"line":70,"column":4},"end":{"line":70,"column":65}},"type":"cond-expr","locations":[{"start":{"line":70,"column":22},"end":{"line":70,"column":61}},{"start":{"line":70,"column":64},"end":{"line":70,"column":65}}],"line":70}},"s":{"0":6,"1":6,"2":6,"3":6,"4":6,"5":0,"6":6,"7":6,"8":6,"9":0,"10":6,"11":6,"12":6,"13":16,"14":10,"15":6,"16":4,"17":4,"18":4,"19":6,"20":6,"21":6,"22":0,"23":0,"24":0,"25":0,"26":0,"27":0,"28":0,"29":0,"30":8,"31":2,"32":6,"33":24,"34":6,"35":24,"36":6,"37":6,"38":6},"f":{"0":6,"1":16,"2":4,"3":6,"4":0,"5":0,"6":0,"7":0,"8":8,"9":24,"10":24},"b":{"0":[0,6],"1":[0,6],"2":[10,6],"3":[2,6],"4":[5,19]},"_coverageSchema":"1a1c01bbd47fc00a2c39e90264f33305004495a9","hash":"8ecc6a5e28f1e6a29e7f0ef6c401c57d526e1e0d"}
,"/Users/evgenij/Desktop/work/APP_DEVELOPMENT/shiftrest/lib/onboarding/store.tsx": {"path":"/Users/evgenij/Desktop/work/APP_DEVELOPMENT/shiftrest/lib/onboarding/store.tsx","statementMap":{"0":{"start":{"line":33,"column":20},"end":{"line":33,"column":45}},"1":{"start":{"line":91,"column":33},"end":{"line":114,"column":1}},"2":{"start":{"line":119,"column":55},"end":{"line":124,"column":1}},"3":{"start":{"line":128,"column":14},"end":{"line":128,"column":15}},"4":{"start":{"line":129,"column":17},"end":{"line":129,"column":18}},"5":{"start":{"line":130,"column":2},"end":{"line":137,"column":3}},"6":{"start":{"line":131,"column":18},"end":{"line":131,"column":31}},"7":{"start":{"line":132,"column":4},"end":{"line":132,"column":25}},"8":{"start":{"line":132,"column":16},"end":{"line":132,"column":25}},"9":{"start":{"line":133,"column":16},"end":{"line":133,"column":53}},"10":{"start":{"line":133,"column":38},"end":{"line":133,"column":52}},"11":{"start":{"line":134,"column":4},"end":{"line":134,"column":23}},"12":{"start":{"line":134,"column":14},"end":{"line":134,"column":23}},"13":{"start":{"line":135,"column":4},"end":{"line":135,"column":52}},"14":{"start":{"line":136,"column":4},"end":{"line":136,"column":15}},"15":{"start":{"line":138,"column":2},"end":{"line":138,"column":68}},"16":{"start":{"line":143,"column":2},"end":{"line":143,"column":33}},"17":{"start":{"line":143,"column":21},"end":{"line":143,"column":33}},"18":{"start":{"line":144,"column":2},"end":{"line":144,"column":32}},"19":{"start":{"line":144,"column":18},"end":{"line":144,"column":32}},"20":{"start":{"line":145,"column":2},"end":{"line":145,"column":40}},"21":{"start":{"line":145,"column":18},"end":{"line":145,"column":40}},"22":{"start":{"line":146,"column":2},"end":{"line":146,"column":15}},"23":{"start":{"line":152,"column":58},"end":{"line":156,"column":1}},"24":{"start":{"line":158,"column":56},"end":{"line":163,"column":1}},"25":{"start":{"line":166,"column":60},"end":{"line":170,"column":1}},"26":{"start":{"line":172,"column":58},"end":{"line":177,"column":1}},"27":{"start":{"line":196,"column":42},"end":{"line":196,"column":44}},"28":{"start":{"line":197,"column":2},"end":{"line":197,"column":61}},"29":{"start":{"line":197,"column":24},"end":{"line":197,"column":61}},"30":{"start":{"line":198,"column":2},"end":{"line":200,"column":3}},"31":{"start":{"line":199,"column":4},"end":{"line":199,"column":52}},"32":{"start":{"line":201,"column":2},"end":{"line":203,"column":3}},"33":{"start":{"line":202,"column":4},"end":{"line":202,"column":57}},"34":{"start":{"line":204,"column":2},"end":{"line":206,"column":3}},"35":{"start":{"line":205,"column":4},"end":{"line":205,"column":66}},"36":{"start":{"line":207,"column":2},"end":{"line":209,"column":3}},"37":{"start":{"line":208,"column":4},"end":{"line":208,"column":80}},"38":{"start":{"line":210,"column":2},"end":{"line":210,"column":89}},"39":{"start":{"line":210,"column":47},"end":{"line":210,"column":89}},"40":{"start":{"line":211,"column":2},"end":{"line":211,"column":103}},"41":{"start":{"line":211,"column":49},"end":{"line":211,"column":103}},"42":{"start":{"line":212,"column":2},"end":{"line":212,"column":82}},"43":{"start":{"line":212,"column":45},"end":{"line":212,"column":82}},"44":{"start":{"line":213,"column":2},"end":{"line":213,"column":90}},"45":{"start":{"line":213,"column":47},"end":{"line":213,"col
[...]
":{"line":26,"column":22},"end":{"line":26,"column":42}},"type":"default-arg","locations":[{"start":{"line":26,"column":32},"end":{"line":26,"column":42}}],"line":26},"1":{"loc":{"start":{"line":34,"column":2},"end":{"line":34,"column":23}},"type":"if","locations":[{"start":{"line":34,"column":2},"end":{"line":34,"column":23}},{"start":{},"end":{}}],"line":34},"2":{"loc":{"start":{"line":37,"column":4},"end":{"line":37,"column":54}},"type":"if","locations":[{"start":{"line":37,"column":4},"end":{"line":37,"column":54}},{"start":{},"end":{}}],"line":37},"3":{"loc":{"start":{"line":51,"column":9},"end":{"line":51,"column":49}},"type":"binary-expr","locations":[{"start":{"line":51,"column":9},"end":{"line":51,"column":41}},{"start":{"line":51,"column":45},"end":{"line":51,"column":49}}],"line":51},"4":{"loc":{"start":{"line":54,"column":52},"end":{"line":54,"column":75}},"type":"default-arg","locations":[{"start":{"line":54,"column":65},"end":{"line":54,"column":75}}],"line":54},"5":{"loc":{"start":{"line":61,"column":33},"end":{"line":61,"column":56}},"type":"default-arg","locations":[{"start":{"line":61,"column":46},"end":{"line":61,"column":56}}],"line":61},"6":{"loc":{"start":{"line":98,"column":2},"end":{"line":98,"column":37}},"type":"if","locations":[{"start":{"line":98,"column":2},"end":{"line":98,"column":37}},{"start":{},"end":{}}],"line":98},"7":{"loc":{"start":{"line":100,"column":4},"end":{"line":100,"column":44}},"type":"if","locations":[{"start":{"line":100,"column":4},"end":{"line":100,"column":44}},{"start":{},"end":{}}],"line":100},"8":{"loc":{"start":{"line":101,"column":4},"end":{"line":101,"column":42}},"type":"if","locations":[{"start":{"line":101,"column":4},"end":{"line":101,"column":42}},{"start":{},"end":{}}],"line":101},"9":{"loc":{"start":{"line":102,"column":4},"end":{"line":102,"column":43}},"type":"if","locations":[{"start":{"line":102,"column":4},"end":{"line":102,"column":43}},{"start":{},"end":{}}],"line":102},"10":{"loc":{"start":{"line":116,"column":34},"end":{"line":116,"column":40}},"type":"default-arg","locations":[{"start":{"line":116,"column":38},"end":{"line":116,"column":40}}],"line":116},"11":{"loc":{"start":{"line":123,"column":28},"end":{"line":123,"column":57}},"type":"binary-expr","locations":[{"start":{"line":123,"column":28},"end":{"line":123,"column":49}},{"start":{"line":123,"column":53},"end":{"line":123,"column":57}}],"line":123}},"s":{"0":1,"1":1,"2":1,"3":1,"4":308,"5":308,"6":308,"7":308,"8":1,"9":0,"10":1,"11":1,"12":1,"13":0,"14":1,"15":1,"16":29,"17":8,"18":45,"19":45,"20":45,"21":45,"22":40,"23":40,"24":40,"25":40,"26":40,"27":40,"28":0,"29":0,"30":0,"31":0,"32":0,"33":0,"34":0,"35":4,"36":8,"37":8,"38":112,"39":8,"40":3,"41":5,"42":24,"43":14,"44":10,"45":1,"46":9,"47":9,"48":0,"49":5,"50":5,"51":5,"52":16,"53":16,"54":16,"55":16,"56":215,"57":215,"58":215,"59":215,"60":16},"f":{"0":308,"1":1,"2":29,"3":8,"4":45,"5":40,"6":0,"7":0,"8":0,"9":0,"10":4,"11":8,"12":112,"13":24,"14":16},"b":{"0":[8],"1":[0,1],"2":[0,1],"3":[8,2],"4":[12],"5":[1],"6":[3,5],"7":[14,10],"8":[1,9],"9":[9,0],"10":[1],"11":[215,187]},"_coverageSchema":"1a1c01bbd47fc00a2c39e90264f33305004495a9","hash":"597ba185cdbc512b5b3ecf9943fc1eca82ae390f"}
,"/Users/evgenij/Desktop/work/APP_DEVELOPMENT/shiftrest/lib/transition/generate.ts": {"path":"/Users/evgenij/Desktop/work/APP_DEVELOPMENT/shiftrest/lib/transition/generate.ts","statementMap":{"0":{"start":{"line":35,"column":12},"end":{"line":35,"column":27}},"1":{"start":{"line":36,"column":12},"end":{"line":36,"column":53}},"2":{"start":{"line":37,"column":14},"end":{"line":37,"column":50}},"3":{"start":{"line":38,"column":2},"end":{"line":38,"column":28}},"4":{"start":{"line":42,"column":14},"end":{"line":42,"column":28}},"5":{"start":{"line":43,"column":2},"end":{"line":43,"column":27}},"6":{"start":{"line":44,"column":2},"end":{"line":44,"column":92}},"7":{"start":{"line":60,"column":33},"end":{"line":60,"column":35}},"8":{"start":{"line":61,"column":13},"end":{"line":61,"column":28}},"9":{"start":{"line":62,"column":13},"end":{"line":62,"column":28}},"10":{"start":{"line":63,"column":2},"end":{"line":63,"column":34}},"11":{"start":{"line":64,"column":14},"end":{"line":64,"column":15}},"12":{"start":{"line":67,"column":2},"end":{"line":76,"column":3}},"13":{"start":{"line":68,"column":4},"end":{"line":75,"column":7}},"14":{"start":{"line":77,"column":2},"end":{"line":86,"column":3}},"15":{"start":{"line":78,"column":4},"end":{"line":85,"column":7}},"16":{"start":{"line":87,"column":2},"end":{"line":96,"column":3}},"17":{"start":{"line":88,"column":4},"end":{"line":95,"column":7}},"18":{"start":{"line":97,"column":2},"end":{"line":106,"column":3}},"19":{"start":{"line":98,"column":4},"end":{"line":105,"column":7}},"20":{"start":{"line":107,"column":2},"end":{"line":114,"column":5}},"21":{"start":{"line":117,"column":2},"end":{"line":117,"column":12}},"22":{"start":{"line":118,"column":2},"end":{"line":125,"column":5}},"23":{"start":{"line":126,"column":2},"end":{"line":135,"column":3}},"24":{"start":{"line":127,"column":4},"end":{"line":134,"column":7}},"25":{"start":{"line":136,"column":2},"end":{"line":145,"column":3}},"26":{"start":{"line":137,"column":4},"end":{"line":144,"column":7}},"27":{"start":{"line":146,"column":2},"end":{"line":153,"column":5}},"28":{"start":{"line":154,"column":2},"end":{"line":163,"column":3}},"29":{"start":{"line":155,"column":4},"end":{"line":162,"column":7}},"30":{"start":{"line":164,"column":2},"end":{"line":171,"column":5}},"31":{"start":{"line":173,"column":2},"end":{"line":173,"column":15}},"32":{"start":{"line":183,"column":33},"end":{"line":183,"column":35}},"33":{"start":{"line":184,"column":13},"end":{"line":184,"column":28}},"34":{"start":{"line":185,"column":13},"end":{"line":185,"column":28}},"35":{"start":{"line":186,"column":2},"end":{"line":186,"column":34}},"36":{"start":{"line":187,"column":14},"end":{"line":187,"column":15}},"37":{"start":{"line":190,"column":2},"end":{"line":199,"column":3}},"38":{"start":{"line":191,"column":4},"end":{"line":198,"column":7}},"39":{"start":{"line":200,"column":2},"end":{"line":207,"column":5}},"40":{"start":{"line":208,"column":2},"end":{"line":217,"column":3}},"41":{"start":{"line":209,"column":4},"end":{"line":216,"column":7}},"42":{"start":{"line":218,"column":2},"end":{"line":227,"column":3}},"43":{"start":{"line":219,"column":4},"end":{"line":226,"column":7}},"44":{"start":{"line":230,"column":2},"end":{"line":230,"column":12}},"45":{"start":{"line":231,"column":2},"end":{"line":238,"column":5}},"46":{"start":{"line":239,"column":2},"end":{"line":248,"column":3}},"47":{"start":{"line":240,"column":4},"end":{"line":247,"column":7}},"48":{"start":{"line":249,"column":2},"end":{"line":258,"column":3}},"49":{"start":{"line":250,"column":4},"end":{"line":257,"column":7}},"50":{"start":{"line":260,"column":2},"end":{"line":260,"column":15}},"51":{"start":{"line":268,"column":16},"end":{"line":270,"column":42}},"52":{"start":{"line":272,"column":14},"end":{"line":272,"column":33}},"53":{"start":{"line":273,"column":2},"end":{"line":273,"column":39}},"54":{"start":{"line":275,"column":2},"end":{"line":282,"column":4}},"55":{"start":{"line":293,"column":16},"end":{"line":293,"column":48}},"56":{"start":{"line":294,"column":2},"end":{"line":314,"column":3}},"57":{"start":{"line":294,"column":15},"end":{"line":294,"column":16}},"58":{"start":{"line":295,"column":14},"end":{"line":295,"column":29}},"59":{"start":{"line":296,"column":4},"end":{"line":296,"column":35}},"60":{"start":{"line":297,"column":16},"end":{"line":297,"column":121}},"61":{"start":{"line":298,"column":23},"end":{"line":298,"column":42}},"62":{"start":{"line":299,"column":21},"end":{"line":303,"column":8}},"63":{"start":{"line":300,"column":16},"end":{"line":300,"column":27}},"64":{"start":{"line":301,"column":6},"end":{"line":301,"column":33}},"65":{"start":{"line":302,"column":6},"end":{"line":302,"column":119}},"66":{"start":{"line":304,"column":22},"end":{"line":304,"column":46}},"67":{"start":{"line":307,"column":4},"end":{"line":309,"column":5}},"68":{"start":{"line":308,"column":6},"end":{"line":308,"column":53}},"69":{"start":{"line":311,"column":4},"end":{"line":313,"column":5}},"70":{"start":{"line":312,"column":6},"end":{"line":312,"column":53}},"71":{"start":{"line":315,"column":2},"end":{"line":315,"column":14}}},"fnMap":{"0":{"name":"localDate","decl":{"start":{"line":34,"column":9},"end":{"line":34,"column":18}},"loc":{"start":{"line":34,"column":36},"end":{"line":39,"column":1}},"line":34},"1":{"name":"localDateTime","decl":{"start":{"line":41,"column":9},"end":{"line":41,"column":22}},"loc":{"start":{"line":41,"column":65},"end":{"line":45,"column":1}},"line":41},"2":{"name":"generateNightToDay","decl":{"start":{"line":59,"column":9},"end":{"line":59,"column":27}},"loc":{"start":{"line":59,"column":76},"end":{"line":174,"column":1}},"line":59},"3":{"name":"generateDayToNight","decl":{"start":{"line":182,"column":9},"end":{"line":182,"column":27}},"loc":{"start":{"line":182,"column":76},"end":{"line":261,"column":1}},"line":182},"4":{"name":"generateTransitionPlan","decl":{"start":{"line":263,"column":16},"end":{"line":263,"column":38}},"loc":{"start":{"line":267,"column":17},"end":{"line":283,"column":1}},"line":267},"5":{"name":"detectTransitionOpportunity","decl":{"start":{"line":289,"column":16},"end":{"line":289,"column":43}},"loc":{"start":{"line":292,"column":53},"end":{"line":316,"column":1}},"line":292},"6":{"name":"(anonymous_6)","decl":{"start":{"line":299,"column":22},"end":{"line":299,"column":23}},"loc":{"start":{"line":299,"column":28},"end":{"line":303,"column":5}},"line":299}},"branchMap":{"0":{"loc":{"start":{"line":67,"column":2},"end":{"line":76,"column":3}},"type":"if","locations":[{"start":{"line":67,"column":2},"end":{"line":76,"column":3}},{"start":{},"end":{}}],"line":67},"1":{"loc":{"start":{"line":77,"column":2},"end":{"line":86,"column":3}},"type":"if","locations":[{"start":{"line":77,"column":2},"end":{"line":86,"column":3}},{"start":{},"end":{}}],"line":77},"2":{"loc":{"start":{"line":77,"column":7},"end":{"line":77,"column":36}},"type":"binary-expr","locations":[{"start":{"line":77,"column":7},"end":{"line":77,"column":31}},{"start":{"line":77,"column":35},"end":{"line":77,"column":36}}],"line":77},"3":{"loc":{"start":{"line":87,"column":2},"end":{"line":96,"column":3}},"type":"if","locations":[{"start":{"line":87,"column":2},"end":{"line":96,"column":3}},{"start":{},"end":{}}],"line":87},"4":{"loc":{"start":{"line":97,"column":2},"end":{"line":106,"column":3}},"type":"if","locations":[{"start":{"line":97,"column":2},"end":{"line":106,"column":3}},{"start":{},"end":{}}],"line":97},"5":{"loc":{"start":{"line":126,"column":2},"end":{"line":135,"column":3}},"type":"if","locations":[{"start":{"line":126,"column":2},"end":{"line":135,"column":3}},{"start":{},"end":{}}],"line":126},"6":{"loc":{"start":{"line":136,"column":2},"end":{"line":145,"column":3}},"type":"if","locations":[{"start":{"line":136,"column":2},"end":{"line":145,"column":3}},{"start":{},"end":{}}],"line":136},"7":{"loc":{"start":{"line":136,"column":7},"end":{"line":136,"column":36}},"type":"binary-expr","locations":[{"start":{"line":136,"column":7},"end":{"line":136,"column":31}},{"start":{"line":136,"column":35},"end":{"line":136,"column":36}}],"line":136},"8":{"loc":{"start":{"line":154,"column":2},"end":{"line":163,"column":3}},"type":"if","locations":[{"start":{"line":154,"column":2},"end":{"line":163,"column":3}},{"start":{},"end":{}}],"line":154},"9":{"loc":{"start":{"line":190,"column":2},"end":{"line":199,"column":3}},"type":"if","locations":[{"start":{"line":190,"column":2},"end":{"line":199,"column":3}},{"start":{},"end":{}}],"line":190},"10":{"loc":{"start":{"line":208,"column":2},"end":{"line":217,"column":3}},"type":"if","locations":[{"start":{"line":208,"column":2},"end":{"line":217,"column":3}},{"start":{},"end":{}}],"line":208},"11":{"loc":{"start":{"line":218,"column":2},"end":{"line":227,"column":3}},"type":"if","locations":[{"start":{"line":218,"column":2},"end":{"line":227,"column":3}},{"start":{},"end":{}}],"line":218},"12":{"loc":{"start":{"line":239,"column":2},"end":{"line":248,"column":3}},"type":"if","locations":[{"start":{"line":239,"column":2},"end":{"line":248,"column":3}},{"start":{},"end":{}}],"line":239},"13":{"loc":{"start":{"line":249,"column":2},"end":{"line":258,"column":3}},"type":"if","locations":[{"start":{"line":249,"column":2},"end":{"line":258,"column":3}},{"start":{},"end":{}}],"line":249},"14":{"loc":{"start":{"line":249,"column":7},"end":{"line":249,"column":36}},"type":"binary-expr","locations":[{"start":{"line":249,"column":7},"end":{"line":249,"column":31}},{"start":{"line":249,"column":35},"end":{"line":249,"column":36}}],"line":249},"15":{"loc":{"start":{"line":266,"column":2},"end":{"line":266,"column":23}},"type":"default-arg","locations":[{"start":{"line":266,"column":21},"end":{"line":266,"column":23}}],"line":266},"16":{"loc":{"start":{"line":268,"column":16},"end":{"line":270,"column":42}},"type":"cond-expr","locations":[{"start":{"line":269,"column":6},"end":{"line":269,"column":42}},{"start":{"line":270,"column":6},"end":{"line":270,"column":42}}],"line":268},"17":{"loc":{"start":{"line":307,"column":4},"end":{"line":309,"column":5}},"type":"if","locations":[{"start":{"line":307,"column":4},"end":{"line":309,"column":5}},{"start":{},"end":{}}],"line":307},"18":{"loc":{"start":{"line":307,"column":8},"end":{"line":307,"column":78}},"type":"binary-expr","locations":[{"start":{"line":307,"column":8},"end":{"line":307,"column":30}},{"start":{"line":307,"column":35},"end":{"line":307,"column":54}},{"start":{"line":307,"column":58},"end":{"line":307,"column":77}}],"line":307},"19":{"loc":{"start":{"line":311,"column":4},"end":{"line":313,"column":5}},"type":"if","locations":[{"start":{"line":311,"column":4},"end":{"line":313,"column":5}},{"start":{},"end":{}}],"line":311},"20":{"loc":{"start":{"line":311,"column":8},"end":{"line":311,"column":53}},"type":"binary-expr","locations":[{"start":{"line":311,"column":8},"end":{"line":311,"column":28}},{"start":{"line":311,"column":32},"end":{"line":311,"column":53}}],"line":311}},"s":{"0":224,"1":224,"2":224,"3":224,"4":180,"5":180,"6":180,"7":17,"8":17,"9":17,"10":17,"11":17,"12":17,"13":16,"14":17,"15":16,"16":17,"17":16,"18":17,"19":3,"20":17,"21":17,"22":17,"23":17,"24":16,"25":17,"26":16,"27":17,"28":17,"29":3,"30":17,"31":17,"32":5,"33":5,"34":5,"35":5,"36":5,"37":5,"38":4,"39":5,"40":5,"41":4,"42":5,"43":0,"44":5,"45":5,"46":5,"47":4,"48":5,"49":4,"50":5,"51":22,"52":22,"53":22,"54":22,"55":9,"56":9,"57":9,"58":36,"59":36,"60":36,"61":36,"62":36,"63":36,"64":36,"65":36,"66":36,"67":36,"68":3,"69":33,"70":2,"71":4},"f":{"0":224,"1":180,"2":17,"3":5,"4":22,"5":9,"6":36},"b":{"0":[16,1],"1":[16,1],"2":[17,14],"3":[16,1],"4":[3,14],"5":[16,1],"6":[16,1],"7":[17,14],"8":[3,14],"9":[4,1],"10":[4,1],"11":[0,5],"12":[4,1],"13":[4,1],"14":[5,4],"15":[0],"16":[17,5],"17":[3,33],"18":[36,5,3],"19":[2,31],"20":[33,4]},"_coverageSchema":"1a1c01bbd47fc00a2c39e90264f33305004495a9","hash":"3e1b01413a15ea059e31989583d44a6a59c0df3c"}
,"/Users/evgenij/Desktop/work/APP_DEVELOPMENT/shiftrest/mock/user.ts": {"path":"/Users/evgenij/Desktop/work/APP_DEVELOPMENT/shiftrest/mock/user.ts","statementMap":{"0":{"start":{"line":19,"column":24},"end":{"line":34,"column":1}},"1":{"start":{"line":30,"column":14},"end":{"line":30,"column":24}},"2":{"start":{"line":31,"column":4},"end":{"line":31,"column":32}},"3":{"start":{"line":32,"column":4},"end":{"line":32,"column":40}},"4":{"start":{"line":36,"column":24},"end":{"line":45,"column":1}},"5":{"start":{"line":47,"column":31},"end":{"line":54,"column":1}},"6":{"start":{"line":57,"column":2},"end":{"line":80,"column":4}},"7":{"start":{"line":83,"column":30},"end":{"line":83,"column":49}},"8":{"start":{"line":86,"column":2},"end":{"line":91,"column":4}},"9":{"start":{"line":94,"column":31},"end":{"line":94,"column":51}},"10":{"start":{"line":97,"column":2},"end":{"line":133,"column":4}},"11":{"start":{"line":136,"column":37},"end":{"line":136,"column":63}},"12":{"start":{"line":139,"column":2},"end":{"line":144,"column":4}},"13":{"start":{"line":147,"column":32},"end":{"line":147,"column":53}},"14":{"start":{"line":150,"column":2},"end":{"line":181,"column":4}},"15":{"start":{"line":184,"column":39},"end":{"line":184,"column":67}},"16":{"start":{"line":187,"column":2},"end":{"line":191,"column":4}},"17":{"start":{"line":194,"column":33},"end":{"line":194,"column":55}},"18":{"start":{"line":197,"column":2},"end":{"line":201,"column":4}},"19":{"start":{"line":204,"column":41},"end":{"line":204,"column":71}},"20":{"start":{"line":206,"column":34},"end":{"line":206,"column":62}},"21":{"start":{"line":208,"column":36},"end":{"line":213,"column":1}},"22":{"start":{"line":216,"column":2},"end":{"line":221,"column":4}},"23":{"start":{"line":224,"column":32},"end":{"line":224,"column":53}},"24":{"start":{"line":227,"column":2},"end":{"line":231,"column":4}},"25":{"start":{"line":234,"column":37},"end":{"line":234,"column":63}}},"fnMap":{"0":{"name":"(anonymous_0)","decl":{"start":{"line":28,"column":2},"end":{"line":28,"column":3}},"loc":{"start":{"line":28,"column":20},"end":{"line":33,"column":3}},"line":28},"1":{"name":"getMockTransition","decl":{"start":{"line":56,"column":16},"end":{"line":56,"column":33}},"loc":{"start":{"line":56,"column":36},"end":{"line":81,"column":1}},"line":56},"2":{"name":"getMockProfessions","decl":{"start":{"line":85,"column":16},"end":{"line":85,"column":34}},"loc":{"start":{"line":85,"column":37},"end":{"line":92,"column":1}},"line":85},"3":{"name":"getMockScheduleTemplates","decl":{"start":{"line":96,"column":16},"end":{"line":96,"column":40}},"loc":{"start":{"line":96,"column":43},"end":{"line":134,"column":1}},"line":96},"4":{"name":"getMockMainProblems","decl":{"start":{"line":138,"column":16},"end":{"line":138,"column":35}},"loc":{"start":{"line":138,"column":38},"end":{"line":145,"column":1}},"line":138},"5":{"name":"getMockChronotypeQuestions","decl":{"start":{"line":149,"column":16},"end":{"line":149,"column":42}},"loc":{"start":{"line":149,"column":45},"end":{"line":182,"column":1}},"line":149},"6":{"name":"getMockCaffeineTypes","decl":{"start":{"line":186,"column":16},"end":{"line":186,"column":36}},"loc":{"start":{"line":186,"column":39},"end":{"line":192,"column":1}},"line":186},"7":{"name":"getMockCaffeineSensitivities","decl":{"start":{"line":196,"column":16},"end":{"line":196,"column":44}},"loc":{"start":{"line":196,"column":47},"end":{"line":202,"column":1}},"line":196},"8":{"name":"getMockTestimonials","decl":{"start":{"line":215,"column":16},"end":{"line":215,"column":35}},"loc":{"start":{"line":215,"column":38},"end":{"line":222,"column":1}},"line":215},"9":{"name":"getMockNotificationTypes","decl":{"start":{"line":226,"column":16},"end":{"line":226,"column":40}},"loc":{"start":{"line":226,"column":43},"end":{"line":232,"column":1}},"line":226}},"branchMap":{"0":{"loc":{"start":{"line":62,"column":18},"end":{"line":62,"column":63}},"type":"binary-expr","locations":[{"start":{"line":62,"column":18},"end":{"line":62,"column":54}},{"start":{"line":62,"column":58},"end":{"line":62,"column":63}}],"line":62},"1":{"loc":{"start":{"line":71,"column":18},"end":{"line":71,"column":63}},"type":"binary-expr","locations":[{"start":{"line":71,"column":18},"end":{"line":71,"column":54}},{"start":{"line":71,"column":58},"end":{"line":71,"column":63}}],"line":71}},"s":{"0":2,"1":0,"2":0,"3":0,"4":2,"5":2,"6":2,"7":2,"8":2,"9":2,"10":2,"11":2,"12":2,"13":2,"14":2,"15":2,"16":2,"17":2,"18":2,"19":2,"20":2,"21":2,"22":2,"23":2,"24":2,"25":2},"f":{"0":0,"1":2,"2":2,"3":2,"4":2,"5":2,"6":2,"7":2,"8":2,"9":2},"b":{"0":[2,0],"1":[2,0]},"_coverageSchema":"1a1c01bbd47fc00a2c39e90264f33305004495a9","hash":"8488ccaa5312d40d940b7fcaf4fc361099af30ad"}
}
