TN:
SF:lib/derive.ts
FN:13,getGreeting
FN:20,formatRelativeTime
FN:42,formatTrialRemaining
FN:55,monthsFull
FN:60,monthsShort
FN:65,formatMonthYear
FN:70,formatDayMonth
FN:75,formatStreak
FN:79,clampDisplayName
FN:89,firstName
FN:95,countCompleted
FN:96,(anonymous_11)
FN:99,formatHour
FN:109,formatHourRange
FN:113,hoursBetween
FN:164,shiftHours
FN:165,(anonymous_16)
FN:169,(anonymous_17)
FN:187,suggestedPlanFromOnboarding
FN:222,napWindowForShift
FN:234,lightWindowsForShift
FNF:21
FNH:21
FNDA:8,getGreeting
FNDA:10,formatRelativeTime
FNDA:5,formatTrialRemaining
FNDA:1,monthsFull
FNDA:1,monthsShort
FNDA:1,formatMonthYear
FNDA:1,formatDayMonth
FNDA:3,formatStreak
FNDA:9,clampDisplayName
FNDA:4,firstName
FNDA:3,countCompleted
FNDA:5,(anonymous_11)
FNDA:13,formatHour
FNDA:2,formatHourRange
FNDA:4,hoursBetween
FNDA:2,shiftHours
FNDA:4,(anonymous_16)
FNDA:4,(anonymous_17)
FNDA:8,suggestedPlanFromOnboarding
FNDA:3,napWindowForShift
FNDA:5,lightWindowsForShift
DA:14,8
DA:15,6
DA:16,4
DA:17,2
DA:24,10
DA:25,10
DA:26,10
DA:27,10
DA:28,7
DA:29,7
DA:30,7
DA:31,7
DA:32,7
DA:33,2
DA:34,1
DA:35,0
DA:37,5
DA:38,3
DA:39,1
DA:43,5
DA:44,5
DA:45,5
DA:47,4
DA:48,4
DA:49,4
DA:50,3
DA:51,2
DA:52,1
DA:56,1
DA:57,1
DA:61,1
DA:62,1
DA:66,1
DA:67,1
DA:71,1
DA:72,1
DA:76,3
DA:80,9
DA:81,6
DA:82,6
DA:83,2
DA:84,2
DA:85,2
DA:86,2
DA:90,4
DA:91,2
DA:92,2
DA:96,5
DA:102,13
DA:103,13
DA:104,13
DA:105,13
DA:106,13
DA:110,2
DA:114,4
DA:115,4
DA:116,4
DA:146,1
DA:155,1
DA:165,4
DA:169,2
DA:170,4
DA:171,4
DA:172,4
DA:173,4
DA:174,4
DA:175,4
DA:177,2
DA:191,8
DA:192,8
DA:193,7
DA:194,6
DA:225,3
DA:226,1
DA:228,2
DA:229,1
DA:231,1
DA:237,5
DA:238,3
DA:245,2
DA:246,1
DA:254,1
LF:82
LH:81
BRDA:14,0,0,2
BRDA:14,0,1,6
BRDA:15,1,0,2
BRDA:15,1,1,4
BRDA:16,2,0,2
BRDA:16,2,1,2
BRDA:25,3,0,2
BRDA:25,3,1,8
BRDA:27,4,0,3
BRDA:27,4,1,7
BRDA:32,5,0,2
BRDA:32,5,1,5
BRDA:33,6,0,1
BRDA:33,6,1,1
BRDA:34,7,0,1
BRDA:34,7,1,0
BRDA:37,8,0,2
BRDA:37,8,1,3
BRDA:38,9,0,2
BRDA:38,9,1,1
BRDA:42,10,0,0
BRDA:43,11,0,0
BRDA:43,11,1,5
BRDA:45,12,0,1
BRDA:45,12,1,4
BRDA:49,13,0,1
BRDA:49,13,1,3
BRDA:50,14,0,1
BRDA:50,14,1,2
BRDA:51,15,0,1
BRDA:51,15,1,1
BRDA:57,16,0,0
BRDA:57,16,1,1
BRDA:62,17,0,0
BRDA:62,17,1,1
BRDA:65,18,0,0
BRDA:67,19,0,1
BRDA:67,19,1,1
BRDA:70,20,0,0
BRDA:72,21,0,1
BRDA:72,21,1,1
BRDA:76,22,0,1
BRDA:76,22,1,2
BRDA:79,23,0,5
BRDA:80,24,0,3
BRDA:80,24,1,6
BRDA:82,25,0,4
BRDA:82,25,1,2
BRDA:85,26,0,0
BRDA:85,26,1,2
BRDA:89,27,0,4
BRDA:90,28,0,2
BRDA:90,28,1,2
BRDA:91,29,0,2
BRDA:91,29,1,0
BRDA:115,30,0,2
BRDA:115,30,1,2
BRDA:191,31,0,1
BRDA:191,31,1,7
BRDA:192,32,0,1
BRDA:192,32,1,7
BRDA:193,33,0,1
BRDA:193,33,1,6
BRDA:225,34,0,1
BRDA:225,34,1,2
BRDA:228,35,0,1
BRDA:228,35,1,1
BRDA:237,36,0,3
BRDA:237,36,1,2
BRDA:245,37,0,1
BRDA:245,37,1,1
BRF:71
BRH:62
end_of_record
TN:
SF:lib/events.ts
FN:30,logEvent
FN:52,(anonymous_1)
FNF:2
FNH:0
FNDA:0,logEvent
FNDA:0,(anonymous_1)
DA:27,3
DA:28,3
DA:34,0
DA:38,0
DA:39,0
DA:40,0
DA:42,0
DA:52,0
DA:53,0
DA:54,0
LF:10
LH:2
BRDA:27,0,0,3
BRDA:27,0,1,3
BRDA:32,1,0,0
BRDA:34,2,0,0
BRDA:34,2,1,0
BRDA:34,3,0,0
BRDA:34,3,1,0
BRDA:40,4,0,0
BRDA:40,4,1,0
BRDA:45,5,0,0
BRDA:45,5,1,0
BRDA:53,6,0,0
BRDA:53,6,1,0
BRDA:53,7,0,0
BRDA:53,7,1,0
BRF:15
BRH:2
end_of_record
TN:
SF:lib/supabase.ts
FNF:0
FNH:0
DA:17,1
DA:18,1
DA:20,1
DA:22,1
LF:4
LH:4
BRDA:20,0,0,1
BRDA:20,0,1,0
BRDA:22,1,0,0
BRDA:22,1,1,1
BRF:4
BRH:2
end_of_record
TN:
SF:lib/auth/store.tsx
FN:50,AuthProvider
FN:54,(anonymous_1)
FN:62,(anonymous_2)
FN:68,(anonymous_3)
FN:72,(anonymous_4)
FN:79,(anonymous_5)
FN:89,(anonymous_6)
FN:105,(anonymous_7)
FN:154,(anonymous_8)
FN:162,(anonymous_9)
FN:171,(anonymous_10)
FN:188,useAuth
FNF:12
FNH:0
FNDA:0,AuthProvider
FNDA:0,(anonymous_1)
FNDA:0,(anonymous_2)
FNDA:0,(anonymous_3)
FNDA:0,(anonymous_4)
FNDA:0,(anonymous_5)
FNDA:0,(anonymous_6)
FNDA:0,(anonymous_7)
FNDA:0,(anonymous_8)
FNDA:0,(anonymous_9)
FNDA:0,(anonymous_10)
FNDA:0,useAuth
DA:42,3
DA:44,3
DA:51,0
DA:52,0
DA:54,0
DA:55,0
DA:56,0
DA:57,0
DA:60,0
DA:62,0
DA:63,0
DA:64,0
DA:65,0
DA:68,0
DA:69,0
DA:72,0
DA:73,0
DA:74,0
DA:78,0
DA:80,0
DA:81,0
DA:82,0
DA:83,0
DA:88,0
DA:90,0
DA:91,0
DA:99,0
DA:100,0
DA:105,0
DA:106,0
DA:107,0
DA:108,0
DA:111,0
DA:112,0
DA:113,0
DA:114,0
DA:119,0
DA:126,0
DA:127,0
DA:133,0
DA:137,0
DA:142,0
DA:143,0
DA:146,0
DA:147,0
DA:148,0
DA:150,0
DA:154,0
DA:155,0
DA:156,0
DA:159,0
DA:162,0
DA:163,0
DA:165,0
DA:166,0
DA:167,0
DA:170,0
DA:171,0
DA:185,0
DA:189,0
DA:190,0
DA:191,0
DA:193,0
LF:63
LH:2
BRDA:55,0,0,0
BRDA:55,0,1,0
BRDA:63,1,0,0
BRDA:63,1,1,0
BRDA:80,2,0,0
BRDA:80,2,1,0
BRDA:82,3,0,0
BRDA:82,3,1,0
BRDA:90,4,0,0
BRDA:90,4,1,0
BRDA:96,5,0,0
BRDA:96,5,1,0
BRDA:99,6,0,0
BRDA:99,6,1,0
BRDA:106,7,0,0
BRDA:106,7,1,0
BRDA:107,8,0,0
BRDA:107,8,1,0
BRDA:113,9,0,0
BRDA:113,9,1,0
BRDA:126,10,0,0
BRDA:126,10,1,0
BRDA:133,11,0,0
BRDA:133,11,1,0
BRDA:133,12,0,0
BRDA:133,12,1,0
BRDA:134,13,0,0
BRDA:134,13,1,0
BRDA:134,14,0,0
BRDA:134,14,1,0
BRDA:140,15,0,0
BRDA:140,15,1,0
BRDA:142,16,0,0
BRDA:142,16,1,0
BRDA:147,17,0,0
BRDA:147,17,1,0
BRDA:150,18,0,0
BRDA:150,18,1,0
BRDA:155,19,0,0
BRDA:155,19,1,0
BRDA:163,20,0,0
BRDA:163,20,1,0
BRDA:173,21,0,0
BRDA:173,21,1,0
BRDA:190,22,0,0
BRDA:190,22,1,0
BRF:46
BRH:0
end_of_record
TN:
SF:lib/caffeine-log/store.tsx
FN:30,localDateKey
FN:37,hydrate
FN:56,getCaffeineLog
FN:65,logCaffeine
FN:77,clearCaffeineLog
FN:83,useCaffeineLog
FN:85,(anonymous_6)
FN:86,(anonymous_7)
FN:87,(anonymous_8)
FN:96,caffeineCutoffFromLog
FNF:10
FNH:6
FNDA:20,localDateKey
FNDA:1,hydrate
FNDA:12,getCaffeineLog
FNDA:11,logCaffeine
FNDA:11,clearCaffeineLog
FNDA:0,useCaffeineLog
FNDA:0,(anonymous_6)
FNDA:0,(anonymous_7)
FNDA:0,(anonymous_8)
FNDA:5,caffeineCutoffFromLog
DA:15,1
DA:16,1
DA:27,1
DA:28,1
DA:31,20
DA:32,20
DA:33,20
DA:34,20
DA:38,1
DA:39,1
DA:40,1
DA:41,1
DA:42,0
DA:44,0
DA:45,0
DA:51,1
DA:54,1
DA:58,12
DA:59,0
DA:60,0
DA:62,12
DA:66,11
DA:67,11
DA:68,11
DA:69,8
DA:71,3
DA:73,11
DA:74,11
DA:78,11
DA:79,11
DA:80,11
DA:84,0
DA:85,0
DA:86,0
DA:87,0
DA:89,0
DA:97,5
DA:98,5
DA:99,3
DA:100,3
DA:103,3
DA:106,3
LF:42
LH:32
BRDA:30,0,0,9
BRDA:38,1,0,0
BRDA:38,1,1,1
BRDA:41,2,0,0
BRDA:41,2,1,1
BRDA:44,3,0,0
BRDA:44,3,1,0
BRDA:58,4,0,0
BRDA:58,4,1,12
BRDA:58,5,0,12
BRDA:58,5,1,9
BRDA:68,6,0,8
BRDA:68,6,1,3
BRDA:68,7,0,11
BRDA:68,7,1,3
BRDA:98,8,0,2
BRDA:98,8,1,3
BRDA:103,9,0,1
BRDA:103,9,1,2
BRF:19
BRH:14
end_of_record
TN:
SF:lib/calendar-import/parse.ts
FN:19,unfold
FN:24,parseDateTimeValue
FN:63,classifyShiftType
FN:68,(anonymous_3)
FN:68,(anonymous_4)
FN:75,parseIcs
FNF:6
FNH:6
FNDA:13,unfold
FNDA:15,parseDateTimeValue
FNDA:21,classifyShiftType
FNDA:46,(anonymous_3)
FNDA:186,(anonymous_4)
FNDA:13,parseIcs
DA:20,13
DA:26,15
DA:27,2
DA:33,13
DA:34,13
DA:35,10
DA:41,3
DA:42,3
DA:43,2
DA:52,2
DA:53,2
DA:54,2
DA:55,2
DA:56,2
DA:57,2
DA:59,1
DA:67,21
DA:68,186
DA:69,21
DA:70,15
DA:71,10
DA:72,1
DA:76,13
DA:77,13
DA:78,13
DA:79,13
DA:80,13
DA:82,13
DA:83,65
DA:84,13
DA:85,13
DA:86,13
DA:88,52
DA:89,13
DA:90,13
DA:91,12
DA:92,12
DA:93,12
DA:94,11
DA:103,13
DA:105,39
DA:108,29
DA:109,29
DA:110,28
DA:111,28
DA:112,28
DA:114,28
DA:115,16
DA:116,13
DA:119,13
LF:50
LH:50
BRDA:26,0,0,2
BRDA:26,0,1,13
BRDA:34,1,0,10
BRDA:34,1,1,3
BRDA:42,2,0,2
BRDA:42,2,1,1
BRDA:69,3,0,6
BRDA:69,3,1,15
BRDA:70,4,0,5
BRDA:70,4,1,10
BRDA:71,5,0,9
BRDA:71,5,1,1
BRDA:83,6,0,13
BRDA:83,6,1,52
BRDA:88,7,0,13
BRDA:88,7,1,39
BRDA:90,8,0,12
BRDA:90,8,1,1
BRDA:92,9,0,3
BRDA:92,9,1,9
BRDA:93,10,0,11
BRDA:93,10,1,1
BRDA:98,11,0,11
BRDA:98,11,1,0
BRDA:99,12,0,11
BRDA:99,12,1,0
BRDA:105,13,0,10
BRDA:105,13,1,29
BRDA:109,14,0,1
BRDA:109,14,1,28
BRDA:114,15,0,12
BRDA:114,15,1,16
BRDA:115,16,0,3
BRDA:115,16,1,13
BRDA:116,17,0,13
BRDA:116,17,1,0
BRF:36
BRH:33
end_of_record
TN:
SF:lib/i18n/index.ts
FN:58,deviceLocale
FN:74,(anonymous_1)
FNF:2
FNH:2
FNDA:3,deviceLocale
FNDA:154,(anonymous_1)
DA:28,3
DA:30,3
DA:55,3
DA:56,3
DA:59,3
DA:60,3
DA:61,3
DA:63,0
DA:67,3
DA:69,3
DA:71,3
DA:74,3
DA:75,154
LF:13
LH:12
BRDA:61,0,0,3
BRDA:61,0,1,0
BRDA:67,1,0,3
BRDA:67,1,1,3
BRDA:69,2,0,3
BRDA:69,2,1,0
BRF:6
BRH:4
end_of_record
TN:
SF:lib/i18n/locales/de-DE.ts
FNF:0
FNH:0
DA:1,3
LF:1
LH:1
BRF:0
BRH:0
end_of_record
TN:
SF:lib/i18n/locales/en.ts
FNF:0
FNH:0
DA:4,3
LF:1
LH:1
BRF:0
BRH:0
end_of_record
TN:
SF:lib/i18n/locales/es-ES.ts
FNF:0
FNH:0
DA:1,3
LF:1
LH:1
BRF:0
BRH:0
end_of_record
TN:
SF:lib/i18n/locales/fr-FR.ts
FNF:0
FNH:0
DA:1,3
LF:1
LH:1
BRF:0
BRH:0
end_of_record
TN:
SF:lib/i18n/locales/it-IT.ts
FNF:0
FNH:0
DA:1,3
LF:1
LH:1
BRF:0
BRH:0
end_of_record
TN:
SF:lib/i18n/locales/ja.ts
FNF:0
FNH:0
DA:1,3
LF:1
LH:1
BRF:0
BRH:0
end_of_record
TN:
SF:lib/i18n/locales/ko.ts
FNF:0
FNH:0
DA:1,3
LF:1
LH:1
BRF:0
BRH:0
end_of_record
TN:
SF:lib/i18n/locales/nl-NL.ts
FNF:0
FNH:0
DA:1,3
LF:1
LH:1
BRF:0
BRH:0
end_of_record
TN:
SF:lib/i18n/locales/pt-BR.ts
FNF:0
FNH:0
DA:1,3
LF:1
LH:1
BRF:0
BRH:0
end_of_record
TN:
SF:lib/i18n/locales/sv.ts
FNF:0
FNH:0
DA:1,3
LF:1
LH:1
BRF:0
BRH:0
end_of_record
TN:
SF:lib/i18n/locales/zh-Hant.ts
FNF:0
FNH:0
DA:1,3
LF:1
LH:1
BRF:0
BRH:0
end_of_record
TN:
SF:lib/local-shifts/store.tsx
FN:25,hydrate
FN:28,(anonymous_1)
FN:42,getLocalShifts
FN:46,setLocalShift
FN:52,clearLocalShifts
FN:59,removeLocalShift
FN:72,useLocalShifts
FN:75,(anonymous_7)
FN:77,(anonymous_8)
FN:81,(anonymous_9)
FN:85,(anonymous_10)
FNF:11
FNH:6
FNDA:3,hydrate
FNDA:3,(anonymous_1)
FNDA:12,getLocalShifts
FNDA:183,setLocalShift
FNDA:14,clearLocalShifts
FNDA:2,removeLocalShift
FNDA:0,useLocalShifts
FNDA:0,(anonymous_7)
FNDA:0,(anonymous_8)
FNDA:0,(anonymous_9)
FNDA:0,(anonymous_10)
DA:19,3
DA:21,3
DA:22,3
DA:23,3
DA:26,3
DA:27,3
DA:28,3
DA:29,3
DA:30,3
DA:31,3
DA:35,3
DA:37,3
DA:40,3
DA:43,12
DA:47,183
DA:48,183
DA:49,183
DA:53,14
DA:54,14
DA:55,14
DA:60,2
DA:61,1
DA:62,1
DA:63,1
DA:64,1
DA:65,1
DA:73,0
DA:75,0
DA:76,0
DA:77,0
DA:78,0
DA:81,0
DA:82,0
DA:85,0
DA:86,0
DA:87,0
DA:91,0
LF:37
LH:26
BRDA:26,0,0,0
BRDA:26,0,1,3
BRDA:27,1,0,0
BRDA:27,1,1,3
BRDA:31,2,0,0
BRDA:31,2,1,3
BRDA:60,3,0,1
BRDA:60,3,1,1
BRDA:78,4,0,0
BRDA:78,4,1,0
BRDA:82,5,0,0
BRDA:82,5,1,0
BRF:12
BRH:5
end_of_record
TN:
SF:lib/local-transition/store.tsx
FN:19,hydrate
FN:35,persist
FN:43,setLocalTransitionPlan
FN:49,clearLocalTransitionPlan
FN:55,useLocalTransitionPlan
FN:57,(anonymous_5)
FN:60,(anonymous_6)
FN:61,(anonymous_7)
FN:67,toggleLocalTransitionStep
FN:69,(anonymous_9)
FN:72,(anonymous_10)
FNF:11
FNH:7
FNDA:6,hydrate
FNDA:16,persist
FNDA:4,setLocalTransitionPlan
FNDA:6,clearLocalTransitionPlan
FNDA:0,useLocalTransitionPlan
FNDA:0,(anonymous_5)
FNDA:0,(anonymous_6)
FNDA:0,(anonymous_7)
FNDA:8,toggleLocalTransitionStep
FNDA:24,(anonymous_9)
FNDA:24,(anonymous_10)
DA:13,6
DA:14,6
DA:16,6
DA:17,6
DA:20,6
DA:21,6
DA:22,6
DA:23,6
DA:27,6
DA:30,6
DA:33,6
DA:36,16
DA:37,10
DA:39,6
DA:44,4
DA:45,4
DA:46,4
DA:50,6
DA:51,6
DA:52,6
DA:56,0
DA:57,0
DA:59,0
DA:60,0
DA:61,0
DA:63,0
DA:68,8
DA:69,6
DA:70,24
DA:72,24
DA:73,6
DA:74,6
DA:75,6
LF:33
LH:27
BRDA:20,0,0,0
BRDA:20,0,1,6
BRDA:23,1,0,0
BRDA:23,1,1,6
BRDA:36,2,0,10
BRDA:36,2,1,6
BRDA:68,3,0,2
BRDA:68,3,1,6
BRDA:70,4,0,5
BRDA:70,4,1,19
BRF:10
BRH:8
end_of_record
TN:
SF:lib/onboarding/store.tsx
FN:127,computeChronotypeScore
FN:133,(anonymous_1)
FN:142,chronotypeBucket
FN:195,mapFromProfileRow
FN:237,mapToProfileRow
FN:291,OnboardingProvider
FN:301,(anonymous_6)
FN:304,(anonymous_7)
FN:316,(anonymous_8)
FN:319,(anonymous_9)
FN:325,(anonymous_10)
FN:327,(anonymous_11)
FN:330,(anonymous_12)
FN:331,(anonymous_13)
FN:334,(anonymous_14)
FN:335,(anonymous_15)
FN:338,(anonymous_16)
FN:342,(anonymous_17)
FN:346,(anonymous_18)
FN:349,(anonymous_19)
FN:374,(anonymous_20)
FN:377,(anonymous_21)
FN:385,(anonymous_22)
FN:400,(anonymous_23)
FN:416,(anonymous_24)
FN:422,(anonymous_25)
FN:429,(anonymous_26)
FN:438,useOnboarding
FNF:28
FNH:5
FNDA:14,computeChronotypeScore
FNDA:54,(anonymous_1)
FNDA:15,chronotypeBucket
FNDA:5,mapFromProfileRow
FNDA:8,mapToProfileRow
FNDA:0,OnboardingProvider
FNDA:0,(anonymous_6)
FNDA:0,(anonymous_7)
FNDA:0,(anonymous_8)
FNDA:0,(anonymous_9)
FNDA:0,(anonymous_10)
FNDA:0,(anonymous_11)
FNDA:0,(anonymous_12)
FNDA:0,(anonymous_13)
FNDA:0,(anonymous_14)
FNDA:0,(anonymous_15)
FNDA:0,(anonymous_16)
FNDA:0,(anonymous_17)
FNDA:0,(anonymous_18)
FNDA:0,(anonymous_19)
FNDA:0,(anonymous_20)
FNDA:0,(anonymous_21)
FNDA:0,(anonymous_22)
FNDA:0,(anonymous_23)
FNDA:0,(anonymous_24)
FNDA:0,(anonymous_25)
FNDA:0,(anonymous_26)
FNDA:0,useOnboarding
DA:33,1
DA:91,1
DA:119,1
DA:128,14
DA:129,14
DA:130,14
DA:131,42
DA:132,42
DA:133,54
DA:134,38
DA:135,37
DA:136,37
DA:138,14
DA:143,15
DA:144,14
DA:145,4
DA:146,2
DA:152,1
DA:158,1
DA:166,1
DA:172,1
DA:196,5
DA:197,5
DA:198,5
DA:199,1
DA:201,5
DA:202,1
DA:204,5
DA:205,2
DA:207,5
DA:208,1
DA:210,5
DA:211,5
DA:212,5
DA:213,5
DA:214,5
DA:215,1
DA:217,5
DA:220,5
DA:221,2
DA:222,3
DA:223,2
DA:224,2
DA:225,1
DA:227,1
DA:228,1
DA:233,5
DA:238,8
DA:239,8
DA:240,8
DA:241,2
DA:246,8
DA:247,1
DA:252,8
DA:289,1
DA:292,0
DA:293,0
DA:294,0
DA:295,0
DA:296,0
DA:297,0
DA:298,0
DA:301,0
DA:302,0
DA:303,0
DA:305,0
DA:306,0
DA:307,0
DA:308,0
DA:309,0
DA:314,0
DA:317,0
DA:319,0
DA:320,0
DA:325,0
DA:326,0
DA:327,0
DA:330,0
DA:331,0
DA:334,0
DA:335,0
DA:338,0
DA:339,0
DA:340,0
DA:341,0
DA:342,0
DA:346,0
DA:349,0
DA:350,0
DA:351,0
DA:353,0
DA:354,0
DA:356,0
DA:357,0
DA:358,0
DA:359,0
DA:361,0
DA:362,0
DA:363,0
DA:367,0
DA:369,0
DA:374,0
DA:375,0
DA:376,0
DA:377,0
DA:385,0
DA:386,0
DA:387,0
DA:388,0
DA:389,0
DA:390,0
DA:393,0
DA:394,0
DA:395,0
DA:398,0
DA:399,0
DA:400,0
DA:401,0
DA:408,0
DA:409,0
DA:410,0
DA:411,0
DA:412,0
DA:414,0
DA:415,0
DA:416,0
DA:418,0
DA:419,0
DA:422,0
DA:423,0
DA:428,0
DA:429,0
DA:433,0
DA:439,0
DA:440,0
DA:441,0
DA:443,0
LF:137
LH:55
BRDA:132,0,0,4
BRDA:132,0,1,38
BRDA:134,1,0,1
BRDA:134,1,1,37
BRDA:135,2,0,37
BRDA:135,2,1,0
BRDA:138,3,0,11
BRDA:138,3,1,3
BRDA:143,4,0,1
BRDA:143,4,1,14
BRDA:144,5,0,10
BRDA:144,5,1,4
BRDA:145,6,0,2
BRDA:145,6,1,2
BRDA:197,7,0,1
BRDA:197,7,1,4
BRDA:198,8,0,1
BRDA:198,8,1,4
BRDA:198,9,0,5
BRDA:198,9,1,2
BRDA:201,10,0,1
BRDA:201,10,1,4
BRDA:204,11,0,2
BRDA:204,11,1,3
BRDA:204,12,0,5
BRDA:204,12,1,2
BRDA:207,13,0,1
BRDA:207,13,1,4
BRDA:207,14,0,5
BRDA:207,14,1,1
BRDA:210,15,0,1
BRDA:210,15,1,4
BRDA:211,16,0,1
BRDA:211,16,1,4
BRDA:212,17,0,1
BRDA:212,17,1,4
BRDA:213,18,0,1
BRDA:213,18,1,4
BRDA:214,19,0,1
BRDA:214,19,1,4
BRDA:214,20,0,5
BRDA:214,20,1,1
BRDA:217,21,0,1
BRDA:217,21,1,4
BRDA:220,22,0,2
BRDA:220,22,1,3
BRDA:222,23,0,2
BRDA:222,23,1,1
BRDA:222,24,0,3
BRDA:222,24,1,2
BRDA:224,25,0,1
BRDA:224,25,1,1
BRDA:227,26,0,1
BRDA:227,26,1,0
BRDA:240,27,0,2
BRDA:240,27,1,6
BRDA:246,28,0,1
BRDA:246,28,1,7
BRDA:254,29,0,8
BRDA:254,29,1,1
BRDA:259,30,0,8
BRDA:259,30,1,0
BRDA:262,31,0,1
BRDA:262,31,1,7
BRDA:266,32,0,8
BRDA:266,32,1,0
BRDA:305,33,0,0
BRDA:305,33,1,0
BRDA:306,34,0,0
BRDA:306,34,1,0
BRDA:317,35,0,0
BRDA:317,35,1,0
BRDA:326,36,0,0
BRDA:326,36,1,0
BRDA:350,37,0,0
BRDA:350,37,1,0
BRDA:350,38,0,0
BRDA:350,38,1,0
BRDA:353,39,0,0
BRDA:353,39,1,0
BRDA:358,40,0,0
BRDA:358,40,1,0
BRDA:362,41,0,0
BRDA:362,41,1,0
BRDA:375,42,0,0
BRDA:375,42,1,0
BRDA:376,43,0,0
BRDA:376,43,1,0
BRDA:376,44,0,0
BRDA:376,44,1,0
BRDA:386,45,0,0
BRDA:386,45,1,0
BRDA:387,46,0,0
BRDA:387,46,1,0
BRDA:387,47,0,0
BRDA:387,47,1,0
BRDA:389,48,0,0
BRDA:389,48,1,0
BRDA:390,49,0,0
BRDA:390,49,1,0
BRDA:393,50,0,0
BRDA:393,50,1,0
BRDA:393,51,0,0
BRDA:393,51,1,0
BRDA:393,51,2,0
BRDA:408,52,0,0
BRDA:408,52,1,0
BRDA:409,53,0,0
BRDA:409,53,1,0
BRDA:409,54,0,0
BRDA:409,54,1,0
BRDA:415,55,0,0
BRDA:415,55,1,0
BRDA:440,56,0,0
BRDA:440,56,1,0
BRF:115
BRH:62
end_of_record
TN:
SF:lib/queries/index.ts
FN:29,emitChange
FN:48,useStreak
FN:55,(anonymous_2)
FN:55,(anonymous_3)
FN:57,(anonymous_4)
FN:69,(anonymous_5)
FN:75,(anonymous_6)
FN:80,(anonymous_7)
FN:82,(anonymous_8)
FN:99,useShifts
FN:106,(anonymous_10)
FN:106,(anonymous_11)
FN:108,(anonymous_12)
FN:123,(anonymous_13)
FN:129,(anonymous_14)
FN:134,(anonymous_15)
FN:136,(anonymous_16)
FN:167,useActiveTransitionPlan
FN:175,(anonymous_18)
FN:175,(anonymous_19)
FN:184,(anonymous_20)
FN:193,(anonymous_21)
FN:249,(anonymous_22)
FN:254,(anonymous_23)
FN:256,(anonymous_24)
FN:294,startTrial
FN:306,useSubscription
FN:313,(anonymous_27)
FN:313,(anonymous_28)
FN:315,(anonymous_29)
FN:327,(anonymous_30)
FN:333,(anonymous_31)
FN:338,(anonymous_32)
FN:340,(anonymous_33)
FN:357,useProfileStats
FN:364,(anonymous_35)
FN:364,(anonymous_36)
FN:366,(anonymous_37)
FN:374,(anonymous_38)
FN:429,(anonymous_39)
FN:434,(anonymous_40)
FN:437,(anonymous_41)
FNF:42
FNH:1
FNDA:198,emitChange
FNDA:0,useStreak
FNDA:0,(anonymous_2)
FNDA:0,(anonymous_3)
FNDA:0,(anonymous_4)
FNDA:0,(anonymous_5)
FNDA:0,(anonymous_6)
FNDA:0,(anonymous_7)
FNDA:0,(anonymous_8)
FNDA:0,useShifts
FNDA:0,(anonymous_10)
FNDA:0,(anonymous_11)
FNDA:0,(anonymous_12)
FNDA:0,(anonymous_13)
FNDA:0,(anonymous_14)
FNDA:0,(anonymous_15)
FNDA:0,(anonymous_16)
FNDA:0,useActiveTransitionPlan
FNDA:0,(anonymous_18)
FNDA:0,(anonymous_19)
FNDA:0,(anonymous_20)
FNDA:0,(anonymous_21)
FNDA:0,(anonymous_22)
FNDA:0,(anonymous_23)
FNDA:0,(anonymous_24)
FNDA:0,startTrial
FNDA:0,useSubscription
FNDA:0,(anonymous_27)
FNDA:0,(anonymous_28)
FNDA:0,(anonymous_29)
FNDA:0,(anonymous_30)
FNDA:0,(anonymous_31)
FNDA:0,(anonymous_32)
FNDA:0,(anonymous_33)
FNDA:0,useProfileStats
FNDA:0,(anonymous_35)
FNDA:0,(anonymous_36)
FNDA:0,(anonymous_37)
FNDA:0,(anonymous_38)
FNDA:0,(anonymous_39)
FNDA:0,(anonymous_40)
FNDA:0,(anonymous_41)
DA:20,5
DA:30,198
DA:49,0
DA:50,0
DA:51,0
DA:52,0
DA:53,0
DA:55,0
DA:57,0
DA:58,0
DA:59,0
DA:60,0
DA:62,0
DA:63,0
DA:64,0
DA:70,0
DA:71,0
DA:72,0
DA:73,0
DA:75,0
DA:76,0
DA:80,0
DA:81,0
DA:82,0
DA:85,0
DA:100,0
DA:101,0
DA:102,0
DA:103,0
DA:104,0
DA:106,0
DA:108,0
DA:109,0
DA:110,0
DA:111,0
DA:113,0
DA:114,0
DA:115,0
DA:124,0
DA:125,0
DA:126,0
DA:127,0
DA:129,0
DA:130,0
DA:134,0
DA:135,0
DA:136,0
DA:139,0
DA:168,0
DA:169,0
DA:170,0
DA:171,0
DA:172,0
DA:173,0
DA:175,0
DA:182,0
DA:184,0
DA:187,0
DA:188,0
DA:190,0
DA:191,0
DA:193,0
DA:194,0
DA:195,0
DA:207,0
DA:208,0
DA:209,0
DA:210,0
DA:211,0
DA:213,0
DA:214,0
DA:215,0
DA:216,0
DA:217,0
DA:220,0
DA:229,0
DA:230,0
DA:231,0
DA:232,0
DA:233,0
DA:236,0
DA:240,0
DA:241,0
DA:243,0
DA:244,0
DA:245,0
DA:249,0
DA:250,0
DA:254,0
DA:255,0
DA:256,0
DA:262,0
DA:295,0
DA:296,0
DA:298,0
DA:299,0
DA:302,0
DA:303,0
DA:307,0
DA:308,0
DA:309,0
DA:310,0
DA:311,0
DA:313,0
DA:315,0
DA:316,0
DA:317,0
DA:318,0
DA:320,0
DA:321,0
DA:322,0
DA:328,0
DA:329,0
DA:330,0
DA:331,0
DA:333,0
DA:334,0
DA:338,0
DA:339,0
DA:340,0
DA:343,0
DA:358,0
DA:359,0
DA:360,0
DA:361,0
DA:362,0
DA:364,0
DA:366,0
DA:367,0
DA:368,0
DA:369,0
DA:371,0
DA:372,0
DA:374,0
DA:375,0
DA:376,0
DA:377,0
DA:379,0
DA:386,0
DA:387,0
DA:388,0
DA:389,0
DA:390,0
DA:393,0
DA:403,0
DA:404,0
DA:405,0
DA:406,0
DA:407,0
DA:411,0
DA:415,0
DA:420,0
DA:421,0
DA:423,0
DA:424,0
DA:425,0
DA:429,0
DA:430,0
DA:434,0
DA:435,0
DA:436,0
DA:437,0
DA:438,0
DA:439,0
DA:443,0
LF:165
LH:2
BRDA:58,0,0,0
BRDA:58,0,1,0
BRDA:58,1,0,0
BRDA:58,1,1,0
BRDA:58,1,2,0
BRDA:70,2,0,0
BRDA:70,2,1,0
BRDA:71,3,0,0
BRDA:71,3,1,0
BRDA:72,4,0,0
BRDA:72,4,1,0
BRDA:109,5,0,0
BRDA:109,5,1,0
BRDA:109,6,0,0
BRDA:109,6,1,0
BRDA:109,6,2,0
BRDA:124,7,0,0
BRDA:124,7,1,0
BRDA:125,8,0,0
BRDA:125,8,1,0
BRDA:126,9,0,0
BRDA:126,9,1,0
BRDA:182,10,0,0
BRDA:182,10,1,0
BRDA:182,10,2,0
BRDA:187,11,0,0
BRDA:187,11,1,0
BRDA:207,12,0,0
BRDA:207,12,1,0
BRDA:208,13,0,0
BRDA:208,13,1,0
BRDA:213,14,0,0
BRDA:213,14,1,0
BRDA:229,15,0,0
BRDA:229,15,1,0
BRDA:230,16,0,0
BRDA:230,16,1,0
BRDA:238,17,0,0
BRDA:238,17,1,0
BRDA:243,18,0,0
BRDA:243,18,1,0
BRDA:244,19,0,0
BRDA:244,19,1,0
BRDA:263,20,0,0
BRDA:263,20,1,0
BRDA:294,21,0,0
BRDA:295,22,0,0
BRDA:295,22,1,0
BRDA:295,23,0,0
BRDA:295,23,1,0
BRDA:298,24,0,0
BRDA:298,24,1,0
BRDA:316,25,0,0
BRDA:316,25,1,0
BRDA:316,26,0,0
BRDA:316,26,1,0
BRDA:316,26,2,0
BRDA:328,27,0,0
BRDA:328,27,1,0
BRDA:329,28,0,0
BRDA:329,28,1,0
BRDA:330,29,0,0
BRDA:330,29,1,0
BRDA:367,30,0,0
BRDA:367,30,1,0
BRDA:367,31,0,0
BRDA:367,31,1,0
BRDA:367,31,2,0
BRDA:376,32,0,0
BRDA:376,32,1,0
BRDA:386,33,0,0
BRDA:386,33,1,0
BRDA:387,34,0,0
BRDA:387,34,1,0
BRDA:403,35,0,0
BRDA:403,35,1,0
BRDA:404,36,0,0
BRDA:404,36,1,0
BRDA:411,37,0,0
BRDA:411,37,1,0
BRDA:411,38,0,0
BRDA:411,38,1,0
BRDA:417,39,0,0
BRDA:417,39,1,0
BRDA:423,40,0,0
BRDA:423,40,1,0
BRDA:424,41,0,0
BRDA:424,41,1,0
BRF:88
BRH:0
end_of_record
TN:
SF:lib/queries/plan.ts
FN:60,todayLocalIso
FN:65,useGeneratedPlan
FN:72,(anonymous_2)
FN:75,(anonymous_3)
FN:77,(anonymous_4)
FN:81,(anonymous_5)
FN:90,(anonymous_6)
FN:156,(anonymous_7)
FN:162,(anonymous_8)
FN:163,(anonymous_9)
FN:164,(anonymous_10)
FN:171,emitPlanChanged
FN:176,formatPlanHour
FN:184,planHourAsFloat
FNF:14
FNH:2
FNDA:0,todayLocalIso
FNDA:0,useGeneratedPlan
FNDA:0,(anonymous_2)
FNDA:0,(anonymous_3)
FNDA:0,(anonymous_4)
FNDA:0,(anonymous_5)
FNDA:0,(anonymous_6)
FNDA:0,(anonymous_7)
FNDA:0,(anonymous_8)
FNDA:0,(anonymous_9)
FNDA:0,(anonymous_10)
FNDA:0,emitPlanChanged
FNDA:8,formatPlanHour
FNDA:7,planHourAsFloat
DA:61,0
DA:62,0
DA:66,0
DA:67,0
DA:68,0
DA:69,0
DA:70,0
DA:72,0
DA:73,0
DA:75,0
DA:77,0
DA:81,0
DA:82,0
DA:83,0
DA:84,0
DA:86,0
DA:87,0
DA:88,0
DA:90,0
DA:91,0
DA:93,0
DA:103,0
DA:104,0
DA:105,0
DA:106,0
DA:107,0
DA:109,0
DA:110,0
DA:111,0
DA:112,0
DA:119,0
DA:120,0
DA:121,0
DA:124,0
DA:125,0
DA:127,0
DA:130,0
DA:131,0
DA:134,0
DA:135,0
DA:137,0
DA:138,0
DA:139,0
DA:142,0
DA:143,0
DA:144,0
DA:146,0
DA:148,0
DA:150,0
DA:151,0
DA:152,0
DA:156,0
DA:157,0
DA:162,0
DA:163,0
DA:164,0
DA:167,0
DA:172,0
DA:177,8
DA:179,5
DA:180,5
DA:185,7
DA:186,5
DA:187,5
DA:188,4
DA:192,2
LF:66
LH:8
BRDA:65,0,0,0
BRDA:72,1,0,0
BRDA:73,2,0,0
BRDA:73,2,1,0
BRDA:82,3,0,0
BRDA:82,3,1,0
BRDA:82,4,0,0
BRDA:82,4,1,0
BRDA:82,4,2,0
BRDA:103,5,0,0
BRDA:103,5,1,0
BRDA:104,6,0,0
BRDA:104,6,1,0
BRDA:109,7,0,0
BRDA:109,7,1,0
BRDA:130,8,0,0
BRDA:130,8,1,0
BRDA:131,9,0,0
BRDA:131,9,1,0
BRDA:134,10,0,0
BRDA:134,10,1,0
BRDA:143,11,0,0
BRDA:143,11,1,0
BRDA:150,12,0,0
BRDA:150,12,1,0
BRDA:151,13,0,0
BRDA:151,13,1,0
BRDA:177,14,0,3
BRDA:177,14,1,5
BRDA:180,15,0,3
BRDA:180,15,1,2
BRDA:185,16,0,2
BRDA:185,16,1,5
BRDA:187,17,0,1
BRDA:187,17,1,4
BRF:35
BRH:8
end_of_record
TN:
SF:lib/schedule/apply-template.ts
FN:18,preview_cell_to_kind
FN:25,localIso
FN:46,applyScheduleTemplate
FN:50,(anonymous_3)
FN:76,(anonymous_4)
FN:85,(anonymous_5)
FN:86,(anonymous_6)
FN:94,(anonymous_7)
FN:95,(anonymous_8)
FNF:9
FNH:9
FNDA:259,preview_cell_to_kind
FNDA:260,localIso
FNDA:17,applyScheduleTemplate
FNDA:31,(anonymous_3)
FNDA:91,(anonymous_4)
FNDA:9,(anonymous_5)
FNDA:91,(anonymous_6)
FNDA:82,(anonymous_7)
FNDA:54,(anonymous_8)
DA:19,259
DA:20,17
DA:21,12
DA:22,0
DA:26,260
DA:27,260
DA:28,260
DA:29,260
DA:50,31
DA:51,17
DA:52,2
DA:54,15
DA:55,15
DA:56,15
DA:57,15
DA:60,15
DA:61,15
DA:62,259
DA:63,259
DA:64,259
DA:65,259
DA:66,259
DA:70,15
DA:71,168
DA:72,8
DA:76,91
DA:77,7
DA:85,9
DA:86,91
DA:88,7
DA:89,1
DA:93,6
DA:94,82
DA:96,54
DA:97,54
DA:98,54
DA:99,34
DA:100,34
DA:102,20
DA:103,20
DA:104,20
DA:106,54
DA:117,6
DA:118,0
DA:121,6
DA:122,6
DA:123,1
DA:125,5
LF:48
LH:46
BRDA:19,0,0,242
BRDA:19,0,1,17
BRDA:19,1,0,259
BRDA:19,1,1,170
BRDA:19,1,2,118
BRDA:20,2,0,5
BRDA:20,2,1,12
BRDA:21,3,0,12
BRDA:21,3,1,0
BRDA:21,4,0,6
BRDA:21,4,1,6
BRDA:48,5,0,0
BRDA:51,6,0,2
BRDA:51,6,1,15
BRDA:51,7,0,17
BRDA:51,7,1,16
BRDA:54,8,0,15
BRDA:54,8,1,1
BRDA:56,9,0,15
BRDA:56,9,1,1
BRDA:70,10,0,8
BRDA:70,10,1,7
BRDA:70,11,0,15
BRDA:70,11,1,7
BRDA:70,11,2,7
BRDA:85,12,0,7
BRDA:85,12,1,0
BRDA:88,13,0,1
BRDA:88,13,1,6
BRDA:98,14,0,34
BRDA:98,14,1,20
BRDA:117,15,0,0
BRDA:117,15,1,6
BRDA:122,16,0,1
BRDA:122,16,1,5
BRF:35
BRH:31
end_of_record
TN:
SF:lib/sleep-journal/store.tsx
FN:26,localDateKey
FN:33,hydrate
FN:46,getSleepJournal
FN:50,ratingForToday
FN:54,setSleepRating
FN:61,clearSleepRating
FN:70,useSleepJournal
FN:72,(anonymous_7)
FN:73,(anonymous_8)
FN:74,(anonymous_9)
FN:80,journaledDayCount
FN:95,weeklyAdaptScore
FN:97,(anonymous_12)
FN:99,(anonymous_13)
FN:116,recentJournalDays
FNF:15
FNH:11
FNDA:308,localDateKey
FNDA:1,hydrate
FNDA:29,getSleepJournal
FNDA:8,ratingForToday
FNDA:45,setSleepRating
FNDA:40,clearSleepRating
FNDA:0,useSleepJournal
FNDA:0,(anonymous_7)
FNDA:0,(anonymous_8)
FNDA:0,(anonymous_9)
FNDA:4,journaledDayCount
FNDA:8,weeklyAdaptScore
FNDA:112,(anonymous_12)
FNDA:24,(anonymous_13)
FNDA:16,recentJournalDays
DA:20,1
DA:21,1
DA:23,1
DA:24,1
DA:27,308
DA:28,308
DA:29,308
DA:30,308
DA:34,1
DA:35,1
DA:36,1
DA:37,1
DA:41,1
DA:44,1
DA:47,29
DA:51,8
DA:55,45
DA:56,45
DA:57,45
DA:58,45
DA:62,40
DA:63,40
DA:64,40
DA:65,40
DA:66,40
DA:67,40
DA:71,0
DA:72,0
DA:73,0
DA:74,0
DA:76,0
DA:81,4
DA:96,8
DA:97,112
DA:98,8
DA:99,5
DA:100,24
DA:101,10
DA:102,9
DA:103,0
DA:105,5
DA:108,5
DA:109,5
DA:117,16
DA:118,16
DA:119,16
DA:120,215
DA:121,215
DA:122,215
DA:123,215
DA:125,16
LF:51
LH:45
BRDA:26,0,0,8
BRDA:34,1,0,0
BRDA:34,1,1,1
BRDA:37,2,0,0
BRDA:37,2,1,1
BRDA:51,3,0,8
BRDA:51,3,1,2
BRDA:54,4,0,12
BRDA:61,5,0,1
BRDA:98,6,0,3
BRDA:98,6,1,5
BRDA:100,7,0,14
BRDA:100,7,1,10
BRDA:101,8,0,1
BRDA:101,8,1,9
BRDA:102,9,0,9
BRDA:102,9,1,0
BRDA:116,10,0,1
BRDA:123,11,0,215
BRDA:123,11,1,187
BRF:20
BRH:17
end_of_record
TN:
SF:lib/transition/generate.ts
FN:34,localDate
FN:41,localDateTime
FN:59,generateNightToDay
FN:182,generateDayToNight
FN:263,generateTransitionPlan
FN:289,detectTransitionOpportunity
FN:299,(anonymous_6)
FNF:7
FNH:7
FNDA:224,localDate
FNDA:180,localDateTime
FNDA:17,generateNightToDay
FNDA:5,generateDayToNight
FNDA:22,generateTransitionPlan
FNDA:9,detectTransitionOpportunity
FNDA:36,(anonymous_6)
DA:35,224
DA:36,224
DA:37,224
DA:38,224
DA:42,180
DA:43,180
DA:44,180
DA:60,17
DA:61,17
DA:62,17
DA:63,17
DA:64,17
DA:67,17
DA:68,16
DA:77,17
DA:78,16
DA:87,17
DA:88,16
DA:97,17
DA:98,3
DA:107,17
DA:117,17
DA:118,17
DA:126,17
DA:127,16
DA:136,17
DA:137,16
DA:146,17
DA:154,17
DA:155,3
DA:164,17
DA:173,17
DA:183,5
DA:184,5
DA:185,5
DA:186,5
DA:187,5
DA:190,5
DA:191,4
DA:200,5
DA:208,5
DA:209,4
DA:218,5
DA:219,0
DA:230,5
DA:231,5
DA:239,5
DA:240,4
DA:249,5
DA:250,4
DA:260,5
DA:268,22
DA:272,22
DA:273,22
DA:275,22
DA:293,9
DA:294,9
DA:295,36
DA:296,36
DA:297,36
DA:298,36
DA:299,36
DA:300,36
DA:301,36
DA:302,36
DA:304,36
DA:307,36
DA:308,3
DA:311,33
DA:312,2
DA:315,4
LF:71
LH:70
BRDA:67,0,0,16
BRDA:67,0,1,1
BRDA:77,1,0,16
BRDA:77,1,1,1
BRDA:77,2,0,17
BRDA:77,2,1,14
BRDA:87,3,0,16
BRDA:87,3,1,1
BRDA:97,4,0,3
BRDA:97,4,1,14
BRDA:126,5,0,16
BRDA:126,5,1,1
BRDA:136,6,0,16
BRDA:136,6,1,1
BRDA:136,7,0,17
BRDA:136,7,1,14
BRDA:154,8,0,3
BRDA:154,8,1,14
BRDA:190,9,0,4
BRDA:190,9,1,1
BRDA:208,10,0,4
BRDA:208,10,1,1
BRDA:218,11,0,0
BRDA:218,11,1,5
BRDA:239,12,0,4
BRDA:239,12,1,1
BRDA:249,13,0,4
BRDA:249,13,1,1
BRDA:249,14,0,5
BRDA:249,14,1,4
BRDA:266,15,0,0
BRDA:268,16,0,17
BRDA:268,16,1,5
BRDA:307,17,0,3
BRDA:307,17,1,33
BRDA:307,18,0,36
BRDA:307,18,1,5
BRDA:307,18,2,3
BRDA:311,19,0,2
BRDA:311,19,1,31
BRDA:311,20,0,33
BRDA:311,20,1,4
BRF:42
BRH:40
end_of_record
TN:
SF:mock/user.ts
FN:28,(anonymous_0)
FN:56,getMockTransition
FN:85,getMockProfessions
FN:96,getMockScheduleTemplates
FN:138,getMockMainProblems
FN:149,getMockChronotypeQuestions
FN:186,getMockCaffeineTypes
FN:196,getMockCaffeineSensitivities
FN:215,getMockTestimonials
FN:226,getMockNotificationTypes
FNF:10
FNH:9
FNDA:0,(anonymous_0)
FNDA:2,getMockTransition
FNDA:2,getMockProfessions
FNDA:2,getMockScheduleTemplates
FNDA:2,getMockMainProblems
FNDA:2,getMockChronotypeQuestions
FNDA:2,getMockCaffeineTypes
FNDA:2,getMockCaffeineSensitivities
FNDA:2,getMockTestimonials
FNDA:2,getMockNotificationTypes
DA:19,2
DA:30,0
DA:31,0
DA:32,0
DA:36,2
DA:47,2
DA:57,2
DA:83,2
DA:86,2
DA:94,2
DA:97,2
DA:136,2
DA:139,2
DA:147,2
DA:150,2
DA:184,2
DA:187,2
DA:194,2
DA:197,2
DA:204,2
DA:206,2
DA:208,2
DA:216,2
DA:224,2
DA:227,2
DA:234,2
LF:26
LH:23
BRDA:62,0,0,2
BRDA:62,0,1,0
BRDA:71,1,0,2
BRDA:71,1,1,0
BRF:4
BRH:2
end_of_record
